2024-04-02 00:24:38,067 - root - INFO - Namespace(data='DGraph', k=1, bs=100, prefix='', path_prefix='./utils/data/', n_degree=20, n_head=2, n_epoch=10, n_layer=1, lr=0.0001, n_runs=1, drop_out=0.1, gpu=0, node_dim=100, time_dim=100, backprop_every=1, embedding_module='HopTransformer', agg_time_line='auto-encoder', use_time_line=True, time_line_length=2, sample_mode='time', hard_sample=True, use_att=False, node_fetch=True)
2024-04-02 00:26:10,718 - root - INFO - num of training instances: 257165
2024-04-02 00:26:10,721 - root - INFO - num of batches per epoch: 2572
2024-04-02 00:26:10,721 - root - INFO - start 0 epoch
2024-04-02 00:28:27,907 - root - INFO - val auc:0.6476144783498341
2024-04-02 00:28:27,907 - root - INFO - test auc: 0.7237559067540809
2024-04-02 00:28:27,908 - root - INFO - epoch: 0 took 137.19s
2024-04-02 00:28:27,908 - root - INFO - Epoch mean loss: 229.87300533158228
2024-04-02 00:28:27,912 - root - INFO - start 1 epoch
2024-04-02 00:30:42,475 - root - INFO - val auc:0.6331464692038132
2024-04-02 00:30:42,476 - root - INFO - test auc: 0.7259740453802737
2024-04-02 00:30:42,476 - root - INFO - epoch: 1 took 134.56s
2024-04-02 00:30:42,477 - root - INFO - Epoch mean loss: 228.64586493164347
2024-04-02 00:30:42,483 - root - INFO - start 2 epoch
2024-04-02 00:33:02,756 - root - INFO - val auc:0.6295006545251198
2024-04-02 00:33:02,757 - root - INFO - test auc: 0.7277178366424131
2024-04-02 00:33:02,757 - root - INFO - epoch: 2 took 140.28s
2024-04-02 00:33:02,758 - root - INFO - Epoch mean loss: 228.35800237640808
2024-04-02 00:33:02,764 - root - INFO - start 3 epoch
2024-04-02 00:35:26,977 - root - INFO - val auc:0.6321765242116526
2024-04-02 00:35:26,977 - root - INFO - test auc: 0.7298636937655119
2024-04-02 00:35:26,978 - root - INFO - epoch: 3 took 144.21s
2024-04-02 00:35:26,978 - root - INFO - Epoch mean loss: 228.23626781066136
2024-04-02 00:35:26,984 - root - INFO - start 4 epoch
2024-04-02 00:37:50,688 - root - INFO - val auc:0.6300049797056775
2024-04-02 00:37:50,688 - root - INFO - test auc: 0.7328004773359262
2024-04-02 00:37:50,689 - root - INFO - epoch: 4 took 143.71s
2024-04-02 00:37:50,689 - root - INFO - Epoch mean loss: 228.14726498190018
2024-04-02 00:37:50,695 - root - INFO - start 5 epoch
2024-04-02 00:40:14,337 - root - INFO - val auc:0.6327007797687614
2024-04-02 00:40:14,337 - root - INFO - test auc: 0.7353497903488904
2024-04-02 00:40:14,338 - root - INFO - epoch: 5 took 143.64s
2024-04-02 00:40:14,338 - root - INFO - Epoch mean loss: 228.1055418818401
2024-04-02 00:40:14,345 - root - INFO - start 6 epoch
2024-04-02 00:42:31,157 - root - INFO - val auc:0.633536411353729
2024-04-02 00:42:31,157 - root - INFO - test auc: 0.7401884809694618
2024-04-02 00:42:31,158 - root - INFO - epoch: 6 took 136.81s
2024-04-02 00:42:31,159 - root - INFO - Epoch mean loss: 228.07394595465058
2024-04-02 00:42:31,164 - root - INFO - start 7 epoch
2024-04-02 00:44:47,163 - root - INFO - val auc:0.632137241150624
2024-04-02 00:44:47,163 - root - INFO - test auc: 0.7387562299358015
2024-04-02 00:44:47,164 - root - INFO - epoch: 7 took 136.00s
2024-04-02 00:44:47,164 - root - INFO - Epoch mean loss: 228.0643415851504
2024-04-02 00:44:47,171 - root - INFO - start 8 epoch
2024-04-02 00:47:00,581 - root - INFO - val auc:0.6327536385935278
2024-04-02 00:47:00,581 - root - INFO - test auc: 0.7414921543293493
2024-04-02 00:47:00,582 - root - INFO - epoch: 8 took 133.41s
2024-04-02 00:47:00,582 - root - INFO - Epoch mean loss: 228.0218643111352
2024-04-02 00:47:00,589 - root - INFO - start 9 epoch
2024-04-02 00:49:14,790 - root - INFO - val auc:0.632171613829024
2024-04-02 00:49:14,790 - root - INFO - test auc: 0.7414744314608022
2024-04-02 00:49:14,791 - root - INFO - epoch: 9 took 134.20s
2024-04-02 00:49:14,791 - root - INFO - Epoch mean loss: 227.99866376138215
2024-04-02 00:49:27,558 - root - INFO - test auc: 0.7414744314608022
2024-04-02 00:49:27,559 - root - INFO - Saving TGN model
2024-04-02 00:49:27,563 - root - INFO - TGN model saved
