2024-03-22 23:58:37,775 - root - INFO - Namespace(data='DGraph', k=1, bs=100, prefix='', path_prefix='./utils/data/', n_degree=20, n_head=2, n_epoch=5, n_layer=1, lr=0.0001, n_runs=1, drop_out=0.1, gpu=0, node_dim=100, time_dim=100, backprop_every=1, embedding_module='HopTransformer', agg_time_line='auto-encoder', use_time_line=True, time_line_length=2, sample_mode='time', hard_sample=True, use_att=0)
2024-03-22 23:58:51,507 - root - INFO - num of training instances: 324506
2024-03-22 23:58:51,507 - root - INFO - num of batches per epoch: 3246
2024-03-22 23:58:51,507 - root - INFO - start 0 epoch
2024-03-23 00:01:30,770 - root - INFO - val auc:0.6697699252611707
2024-03-23 00:01:30,770 - root - INFO - test auc: 0.7491894086529558
2024-03-23 00:01:30,771 - root - INFO - epoch: 0 took 159.26s
2024-03-23 00:01:30,771 - root - INFO - Epoch mean loss: 0.13728828800858162
2024-03-23 00:01:30,776 - root - INFO - start 1 epoch
2024-03-23 00:04:08,612 - root - INFO - val auc:0.6824147526445736
2024-03-23 00:04:08,612 - root - INFO - test auc: 0.745971973578616
2024-03-23 00:04:08,613 - root - INFO - epoch: 1 took 157.84s
2024-03-23 00:04:08,613 - root - INFO - Epoch mean loss: -0.2265347209986391
2024-03-23 00:04:08,620 - root - INFO - start 2 epoch
2024-03-23 00:06:48,784 - root - INFO - val auc:0.6794207596583302
2024-03-23 00:06:48,784 - root - INFO - test auc: 0.7379574712589096
2024-03-23 00:06:48,785 - root - INFO - epoch: 2 took 160.17s
2024-03-23 00:06:48,785 - root - INFO - Epoch mean loss: -0.9742115852699323
2024-03-23 00:06:48,790 - root - INFO - start 3 epoch
2024-03-23 00:09:28,707 - root - INFO - val auc:0.6827615772533797
2024-03-23 00:09:28,707 - root - INFO - test auc: 0.753872508749353
2024-03-23 00:09:28,708 - root - INFO - epoch: 3 took 159.92s
2024-03-23 00:09:28,708 - root - INFO - Epoch mean loss: -5.53457569573997
2024-03-23 00:09:28,713 - root - INFO - start 4 epoch
2024-03-23 00:12:09,145 - root - INFO - val auc:0.6783237790793551
2024-03-23 00:12:09,145 - root - INFO - test auc: 0.7483792921690323
2024-03-23 00:12:09,146 - root - INFO - epoch: 4 took 160.43s
2024-03-23 00:12:09,147 - root - INFO - Epoch mean loss: -6.285779977848317
2024-03-23 00:12:22,406 - root - INFO - test auc: 0.7483792921690323
2024-03-23 00:12:22,406 - root - INFO - Saving TGN model
2024-03-23 00:12:22,412 - root - INFO - TGN model saved
