2024-03-26 11:49:50,728 - root - INFO - Namespace(data='DGraph', k=2, bs=100, prefix='', path_prefix='./utils/data/', n_degree=20, n_head=2, n_epoch=10, n_layer=1, lr=0.0001, n_runs=1, drop_out=0.1, gpu=0, node_dim=100, time_dim=100, backprop_every=1, embedding_module='HopTransformer', agg_time_line='auto-encoder', use_time_line=True, time_line_length=2, sample_mode='time', hard_sample=True, use_att=True)
2024-03-26 11:50:04,310 - root - INFO - num of training instances: 324506
2024-03-26 11:50:04,311 - root - INFO - num of batches per epoch: 3246
2024-03-26 11:50:04,311 - root - INFO - start 0 epoch
2024-03-26 11:53:26,682 - root - INFO - val auc:0.6711843238736417
2024-03-26 11:53:26,683 - root - INFO - test auc: 0.7431384653373665
2024-03-26 11:53:26,684 - root - INFO - epoch: 0 took 202.37s
2024-03-26 11:53:26,685 - root - INFO - Epoch mean loss: 0.13545591780821067
2024-03-26 11:53:26,693 - root - INFO - start 1 epoch
2024-03-26 11:56:45,616 - root - INFO - val auc:0.6860357976043443
2024-03-26 11:56:45,616 - root - INFO - test auc: 0.7309651118065218
2024-03-26 11:56:45,617 - root - INFO - epoch: 1 took 198.92s
2024-03-26 11:56:45,617 - root - INFO - Epoch mean loss: -0.23622083380974493
2024-03-26 11:56:45,621 - root - INFO - start 2 epoch
2024-03-26 12:00:00,714 - root - INFO - val auc:0.6839159294841857
2024-03-26 12:00:00,714 - root - INFO - test auc: 0.7394117395660701
2024-03-26 12:00:00,715 - root - INFO - epoch: 2 took 195.09s
2024-03-26 12:00:00,715 - root - INFO - Epoch mean loss: -1.0726681260251625
2024-03-26 12:00:00,720 - root - INFO - start 3 epoch
2024-03-26 12:03:17,422 - root - INFO - val auc:0.6843691367036728
2024-03-26 12:03:17,422 - root - INFO - test auc: 0.7458458974200687
2024-03-26 12:03:17,423 - root - INFO - epoch: 3 took 196.70s
2024-03-26 12:03:17,423 - root - INFO - Epoch mean loss: -5.7323837329198
2024-03-26 12:03:17,428 - root - INFO - start 4 epoch
2024-03-26 12:06:31,311 - root - INFO - val auc:0.6820428459568266
2024-03-26 12:06:31,311 - root - INFO - test auc: 0.7471427486027153
2024-03-26 12:06:31,311 - root - INFO - epoch: 4 took 193.88s
2024-03-26 12:06:31,312 - root - INFO - Epoch mean loss: -6.387779248239689
2024-03-26 12:06:31,316 - root - INFO - start 5 epoch
2024-03-26 12:10:00,407 - root - INFO - val auc:0.6836342606206748
2024-03-26 12:10:00,407 - root - INFO - test auc: 0.7563432215663835
2024-03-26 12:10:00,408 - root - INFO - epoch: 5 took 209.09s
2024-03-26 12:10:00,408 - root - INFO - Epoch mean loss: -6.637958371962145
2024-03-26 12:10:00,414 - root - INFO - start 6 epoch
2024-03-26 12:13:23,329 - root - INFO - val auc:0.6806921615908612
2024-03-26 12:13:23,330 - root - INFO - test auc: 0.7551729214054049
2024-03-26 12:13:23,330 - root - INFO - epoch: 6 took 202.92s
2024-03-26 12:13:23,331 - root - INFO - Epoch mean loss: -6.740861812917433
2024-03-26 12:13:23,336 - root - INFO - start 7 epoch
2024-03-26 12:16:46,228 - root - INFO - val auc:0.6815360149823618
2024-03-26 12:16:46,228 - root - INFO - test auc: 0.7557957043882102
2024-03-26 12:16:46,229 - root - INFO - epoch: 7 took 202.89s
2024-03-26 12:16:46,229 - root - INFO - Epoch mean loss: -6.871555084088767
2024-03-26 12:16:46,234 - root - INFO - start 8 epoch
2024-03-26 12:20:13,939 - root - INFO - val auc:0.6762987615795597
2024-03-26 12:20:13,939 - root - INFO - test auc: 0.7551073902947476
2024-03-26 12:20:13,940 - root - INFO - epoch: 8 took 207.71s
2024-03-26 12:20:13,940 - root - INFO - Epoch mean loss: -6.935728001847974
2024-03-26 12:20:13,945 - root - INFO - start 9 epoch
2024-03-26 12:35:24,233 - root - INFO - val auc:0.6787204795462853
2024-03-26 12:35:24,233 - root - INFO - test auc: 0.7541676361788714
2024-03-26 12:35:24,234 - root - INFO - epoch: 9 took 910.29s
2024-03-26 12:35:24,234 - root - INFO - Epoch mean loss: -6.990234496674418
2024-03-26 12:35:46,445 - root - INFO - test auc: 0.7541676361788714
2024-03-26 12:35:46,446 - root - INFO - Saving TGN model
2024-03-26 12:35:46,451 - root - INFO - TGN model saved
