2024-04-01 22:09:43,901 - root - INFO - Namespace(data='DGraph', k=1, bs=100, prefix='', path_prefix='./utils/data/', n_degree=20, n_head=2, n_epoch=10, n_layer=1, lr=0.0001, n_runs=1, drop_out=0.1, gpu=0, node_dim=100, time_dim=100, backprop_every=1, embedding_module='HopTransformer', agg_time_line='auto-encoder', use_time_line=True, time_line_length=2, sample_mode='time', hard_sample=True, use_att=False, node_fetch=True)
2024-04-01 22:14:12,781 - root - INFO - num of training instances: 290239
2024-04-01 22:14:12,782 - root - INFO - num of batches per epoch: 2903
2024-04-01 22:14:12,782 - root - INFO - start 0 epoch
2024-04-01 22:16:43,179 - root - INFO - val auc:0.6288743362369486
2024-04-01 22:16:43,180 - root - INFO - test auc: 0.7371157763774592
2024-04-01 22:16:43,180 - root - INFO - epoch: 0 took 150.40s
2024-04-01 22:16:43,181 - root - INFO - Epoch mean loss: 337.8728331625975
2024-04-01 22:16:43,186 - root - INFO - start 1 epoch
2024-04-01 22:19:14,542 - root - INFO - val auc:0.6176475107973147
2024-04-01 22:19:14,542 - root - INFO - test auc: 0.7427642731982506
2024-04-01 22:19:14,543 - root - INFO - epoch: 1 took 151.36s
2024-04-01 22:19:14,543 - root - INFO - Epoch mean loss: 336.4988187946946
2024-04-01 22:19:14,548 - root - INFO - start 2 epoch
2024-04-01 22:21:33,976 - root - INFO - val auc:0.6307012933727039
2024-04-01 22:21:33,976 - root - INFO - test auc: 0.7536870747007176
2024-04-01 22:21:33,977 - root - INFO - epoch: 2 took 139.43s
2024-04-01 22:21:33,978 - root - INFO - Epoch mean loss: 336.1334023260471
2024-04-01 22:21:33,982 - root - INFO - start 3 epoch
2024-04-01 22:23:56,075 - root - INFO - val auc:0.6332608774158055
2024-04-01 22:23:56,075 - root - INFO - test auc: 0.7541417561387931
2024-04-01 22:23:56,076 - root - INFO - epoch: 3 took 142.09s
2024-04-01 22:23:56,076 - root - INFO - Epoch mean loss: 335.9593882782477
2024-04-01 22:23:56,080 - root - INFO - start 4 epoch
2024-04-01 22:26:15,739 - root - INFO - val auc:0.6345106075309589
2024-04-01 22:26:15,739 - root - INFO - test auc: 0.7558923390332737
2024-04-01 22:26:15,740 - root - INFO - epoch: 4 took 139.66s
2024-04-01 22:26:15,740 - root - INFO - Epoch mean loss: 335.8651202625954
2024-04-01 22:26:15,744 - root - INFO - start 5 epoch
2024-04-01 22:28:36,239 - root - INFO - val auc:0.6366823641682053
2024-04-01 22:28:36,239 - root - INFO - test auc: 0.7565835023054605
2024-04-01 22:28:36,241 - root - INFO - epoch: 5 took 140.50s
2024-04-01 22:28:36,241 - root - INFO - Epoch mean loss: 335.8099456114314
2024-04-01 22:28:36,245 - root - INFO - start 6 epoch
2024-04-01 22:31:02,498 - root - INFO - val auc:0.6384599544672569
2024-04-01 22:31:02,498 - root - INFO - test auc: 0.7569242165945667
2024-04-01 22:31:02,501 - root - INFO - epoch: 6 took 146.26s
2024-04-01 22:31:02,501 - root - INFO - Epoch mean loss: 335.76274662891666
2024-04-01 22:31:02,505 - root - INFO - start 7 epoch
