2024-04-03 12:24:25,840 - root - INFO - Namespace(data='DGraph', k=1, bs=100, prefix='', path_prefix='./utils/data/', n_degree=20, n_head=2, n_epoch=12, n_layer=1, lr=0.0001, n_runs=1, drop_out=0.1, gpu=0, node_dim=100, time_dim=100, backprop_every=1, embedding_module='graph_attention', agg_time_line='auto-encoder', use_time_line=True, time_line_length=2, sample_mode='time', hard_sample=True, use_att=False, node_fetch=False)
2024-04-03 12:24:38,704 - root - INFO - num of training instances: 324506
2024-04-03 12:24:38,706 - root - INFO - num of batches per epoch: 3246
2024-04-03 12:24:38,706 - root - INFO - start 0 epoch
2024-04-03 12:27:45,021 - root - INFO - val auc:0.6748189189220357
2024-04-03 12:27:45,022 - root - INFO - test auc: 0.7769859962865705
2024-04-03 12:27:45,023 - root - INFO - epoch: 0 took 186.32s
2024-04-03 12:27:45,025 - root - INFO - Epoch mean loss: 395.391602393366
2024-04-03 12:27:45,090 - root - INFO - start 1 epoch
2024-04-03 12:30:47,193 - root - INFO - val auc:0.6693265202334536
2024-04-03 12:30:47,193 - root - INFO - test auc: 0.7764045263952666
2024-04-03 12:30:47,194 - root - INFO - epoch: 1 took 182.10s
2024-04-03 12:30:47,195 - root - INFO - Epoch mean loss: 394.20726840876534
2024-04-03 12:30:47,199 - root - INFO - start 2 epoch
2024-04-03 12:33:47,373 - root - INFO - val auc:0.6704451232942745
2024-04-03 12:33:47,373 - root - INFO - test auc: 0.7727571027651279
2024-04-03 12:33:47,374 - root - INFO - epoch: 2 took 180.17s
2024-04-03 12:33:47,375 - root - INFO - Epoch mean loss: 393.9245383032883
2024-04-03 12:33:47,379 - root - INFO - start 3 epoch
2024-04-03 12:36:47,894 - root - INFO - val auc:0.6767701316837975
2024-04-03 12:36:47,895 - root - INFO - test auc: 0.7690275278151073
2024-04-03 12:36:47,895 - root - INFO - epoch: 3 took 180.52s
2024-04-03 12:36:47,896 - root - INFO - Epoch mean loss: 393.71159943282714
2024-04-03 12:36:47,900 - root - INFO - start 4 epoch
2024-04-03 12:39:47,854 - root - INFO - val auc:0.6791673441710978
2024-04-03 12:39:47,854 - root - INFO - test auc: 0.7628846984856615
2024-04-03 12:39:47,855 - root - INFO - epoch: 4 took 179.96s
2024-04-03 12:39:47,855 - root - INFO - Epoch mean loss: 393.5961081521862
2024-04-03 12:39:47,859 - root - INFO - start 5 epoch
2024-04-03 12:42:48,003 - root - INFO - val auc:0.6817868357717727
2024-04-03 12:42:48,003 - root - INFO - test auc: 0.7599638154302022
2024-04-03 12:42:48,004 - root - INFO - epoch: 5 took 180.15s
2024-04-03 12:42:48,005 - root - INFO - Epoch mean loss: 393.50299076231926
2024-04-03 12:42:48,017 - root - INFO - start 6 epoch
2024-04-03 12:45:49,529 - root - INFO - val auc:0.6854055743334798
2024-04-03 12:45:49,529 - root - INFO - test auc: 0.7599486198103398
2024-04-03 12:45:49,530 - root - INFO - epoch: 6 took 181.51s
2024-04-03 12:45:49,530 - root - INFO - Epoch mean loss: 393.4423680511141
2024-04-03 12:45:49,536 - root - INFO - start 7 epoch
2024-04-03 12:48:48,967 - root - INFO - val auc:0.6874749899959984
2024-04-03 12:48:48,967 - root - INFO - test auc: 0.7604956621253924
2024-04-03 12:48:48,967 - root - INFO - epoch: 7 took 179.43s
2024-04-03 12:48:48,968 - root - INFO - Epoch mean loss: 393.380913368949
2024-04-03 12:48:48,971 - root - INFO - start 8 epoch
2024-04-03 12:51:49,293 - root - INFO - val auc:0.6885195000190278
2024-04-03 12:51:49,293 - root - INFO - test auc: 0.7574831304876369
2024-04-03 12:51:49,294 - root - INFO - epoch: 8 took 180.32s
2024-04-03 12:51:49,294 - root - INFO - Epoch mean loss: 393.3269862875994
2024-04-03 12:51:49,300 - root - INFO - start 9 epoch
2024-04-03 12:54:49,975 - root - INFO - val auc:0.6890560258685607
2024-04-03 12:54:49,975 - root - INFO - test auc: 0.7560687506826158
2024-04-03 12:54:49,976 - root - INFO - epoch: 9 took 180.68s
2024-04-03 12:54:49,977 - root - INFO - Epoch mean loss: 393.2945583917003
2024-04-03 12:54:49,989 - root - INFO - start 10 epoch
2024-04-03 12:57:49,545 - root - INFO - val auc:0.6896078316052645
2024-04-03 12:57:49,545 - root - INFO - test auc: 0.754740795965563
2024-04-03 12:57:49,546 - root - INFO - epoch: 10 took 179.56s
2024-04-03 12:57:49,546 - root - INFO - Epoch mean loss: 393.25929597036674
2024-04-03 12:57:49,558 - root - INFO - start 11 epoch
2024-04-03 13:00:48,358 - root - INFO - val auc:0.6941479761933592
2024-04-03 13:00:48,358 - root - INFO - test auc: 0.7577647243182153
2024-04-03 13:00:48,359 - root - INFO - epoch: 11 took 178.80s
2024-04-03 13:00:48,360 - root - INFO - Epoch mean loss: 393.2071782551059
2024-04-03 13:00:48,365 - root - INFO - max test auc: 0.7769859962865705
2024-04-03 13:00:48,365 - root - INFO - max val auc: 0.6941479761933592
2024-04-03 13:00:48,366 - root - INFO - Saving TGN model
2024-04-03 13:00:48,369 - root - INFO - TGN model saved
