2024-04-03 00:03:21,776 - root - INFO - Namespace(data='DGraph', k=1, bs=100, prefix='', path_prefix='./utils/data/', n_degree=20, n_head=2, n_epoch=12, n_layer=1, lr=0.0001, n_runs=1, drop_out=0.1, gpu=0, node_dim=100, time_dim=100, backprop_every=1, embedding_module='HopTransformer', agg_time_line='auto-encoder', use_time_line=True, time_line_length=2, sample_mode='time', hard_sample=True, use_att=False, node_fetch=False)
2024-04-03 00:03:34,775 - root - INFO - num of training instances: 324506
2024-04-03 00:03:34,776 - root - INFO - num of batches per epoch: 3246
2024-04-03 00:03:34,776 - root - INFO - start 0 epoch
2024-04-03 00:06:27,793 - root - INFO - val auc:0.6816873723552822
2024-04-03 00:06:27,793 - root - INFO - test auc: 0.7664649289842204
2024-04-03 00:06:27,794 - root - INFO - epoch: 0 took 173.02s
2024-04-03 00:06:27,794 - root - INFO - Epoch mean loss: 395.7660691551566
2024-04-03 00:06:27,845 - root - INFO - start 1 epoch
2024-04-03 00:09:20,497 - root - INFO - val auc:0.6837939786865755
2024-04-03 00:09:20,497 - root - INFO - test auc: 0.772223356617455
2024-04-03 00:09:20,498 - root - INFO - epoch: 1 took 172.65s
2024-04-03 00:09:20,498 - root - INFO - Epoch mean loss: 394.48204887875494
2024-04-03 00:09:20,504 - root - INFO - start 2 epoch
2024-04-03 00:12:12,782 - root - INFO - val auc:0.6930253369359272
2024-04-03 00:12:12,783 - root - INFO - test auc: 0.7731113506531743
2024-04-03 00:12:12,784 - root - INFO - epoch: 2 took 172.28s
2024-04-03 00:12:12,784 - root - INFO - Epoch mean loss: 394.1521496934356
2024-04-03 00:12:12,790 - root - INFO - start 3 epoch
2024-04-03 00:15:06,628 - root - INFO - val auc:0.6917504754063009
2024-04-03 00:15:06,628 - root - INFO - test auc: 0.7756789355468285
2024-04-03 00:15:06,628 - root - INFO - epoch: 3 took 173.84s
2024-04-03 00:15:06,629 - root - INFO - Epoch mean loss: 393.99193257368864
2024-04-03 00:15:06,635 - root - INFO - start 4 epoch
2024-04-03 00:18:00,449 - root - INFO - val auc:0.6948802575785358
2024-04-03 00:18:00,449 - root - INFO - test auc: 0.7762274024512434
2024-04-03 00:18:00,450 - root - INFO - epoch: 4 took 173.81s
2024-04-03 00:18:00,450 - root - INFO - Epoch mean loss: 393.90419738261846
2024-04-03 00:18:00,456 - root - INFO - start 5 epoch
2024-04-03 00:20:52,869 - root - INFO - val auc:0.6976888738204216
2024-04-03 00:20:52,870 - root - INFO - test auc: 0.7755877618276532
2024-04-03 00:20:52,871 - root - INFO - epoch: 5 took 172.42s
2024-04-03 00:20:52,871 - root - INFO - Epoch mean loss: 393.85461914017844
2024-04-03 00:20:52,878 - root - INFO - start 6 epoch
2024-04-03 00:23:46,431 - root - INFO - val auc:0.6973769334823268
2024-04-03 00:23:46,431 - root - INFO - test auc: 0.7733573297496996
2024-04-03 00:23:46,432 - root - INFO - epoch: 6 took 173.55s
2024-04-03 00:23:46,432 - root - INFO - Epoch mean loss: 393.82128701060185
2024-04-03 00:23:46,438 - root - INFO - start 7 epoch
2024-04-03 00:26:43,351 - root - INFO - val auc:0.6980740422970341
2024-04-03 00:26:43,351 - root - INFO - test auc: 0.7712342167370256
2024-04-03 00:26:43,352 - root - INFO - epoch: 7 took 176.91s
2024-04-03 00:26:43,352 - root - INFO - Epoch mean loss: 393.77951923682963
2024-04-03 00:26:43,357 - root - INFO - start 8 epoch
2024-04-03 00:29:35,798 - root - INFO - val auc:0.6957935912117008
2024-04-03 00:29:35,798 - root - INFO - test auc: 0.7717738986737073
2024-04-03 00:29:35,799 - root - INFO - epoch: 8 took 172.44s
2024-04-03 00:29:35,799 - root - INFO - Epoch mean loss: 393.76412127771573
2024-04-03 00:29:35,806 - root - INFO - start 9 epoch
2024-04-03 00:32:30,288 - root - INFO - val auc:0.7021341677881527
2024-04-03 00:32:30,288 - root - INFO - test auc: 0.7702683451495107
2024-04-03 00:32:30,289 - root - INFO - epoch: 9 took 174.48s
2024-04-03 00:32:30,289 - root - INFO - Epoch mean loss: 393.7472561047684
2024-04-03 00:32:30,294 - root - INFO - start 10 epoch
