2024-03-31 22:36:37,695 - root - INFO - Namespace(data='DGraph', k=1, bs=100, prefix='', path_prefix='./utils/data/', n_degree=20, n_head=2, n_epoch=10, n_layer=1, lr=0.0001, n_runs=1, drop_out=0.1, gpu=0, node_dim=100, time_dim=100, backprop_every=1, embedding_module='HopTransformer', agg_time_line='auto-encoder', use_time_line=True, time_line_length=2, sample_mode='time', hard_sample=True, use_att=False, node_fetch=True)
2024-03-31 22:45:43,910 - root - INFO - num of training instances: 290239
2024-03-31 22:45:43,911 - root - INFO - num of batches per epoch: 2903
2024-03-31 22:45:43,911 - root - INFO - start 0 epoch
2024-03-31 22:48:16,958 - root - INFO - val auc:0.6288743362369486
2024-03-31 22:48:16,959 - root - INFO - test auc: 0.7371157763774592
2024-03-31 22:48:16,964 - root - INFO - epoch: 0 took 153.05s
2024-03-31 22:48:16,964 - root - INFO - Epoch mean loss: 337.8728331625975
2024-03-31 22:48:16,971 - root - INFO - start 1 epoch
2024-03-31 22:50:47,982 - root - INFO - val auc:0.6176475107973147
2024-03-31 22:50:47,982 - root - INFO - test auc: 0.7427642731982506
2024-03-31 22:50:47,983 - root - INFO - epoch: 1 took 151.01s
2024-03-31 22:50:47,984 - root - INFO - Epoch mean loss: 336.4988187946946
2024-03-31 22:50:47,989 - root - INFO - start 2 epoch
2024-03-31 22:53:18,221 - root - INFO - val auc:0.6307012933727039
2024-03-31 22:53:18,221 - root - INFO - test auc: 0.7536870747007176
2024-03-31 22:53:18,222 - root - INFO - epoch: 2 took 150.23s
2024-03-31 22:53:18,222 - root - INFO - Epoch mean loss: 336.1334023260471
2024-03-31 22:53:18,228 - root - INFO - start 3 epoch
2024-03-31 22:55:45,081 - root - INFO - val auc:0.6332608774158055
2024-03-31 22:55:45,081 - root - INFO - test auc: 0.7541417561387931
2024-03-31 22:55:45,082 - root - INFO - epoch: 3 took 146.85s
2024-03-31 22:55:45,082 - root - INFO - Epoch mean loss: 335.9593882782477
2024-03-31 22:55:45,087 - root - INFO - start 4 epoch
2024-03-31 22:58:03,135 - root - INFO - val auc:0.6345106075309589
2024-03-31 22:58:03,135 - root - INFO - test auc: 0.7558923390332737
2024-03-31 22:58:03,136 - root - INFO - epoch: 4 took 138.05s
2024-03-31 22:58:03,136 - root - INFO - Epoch mean loss: 335.8651202625954
2024-03-31 22:58:03,140 - root - INFO - start 5 epoch
2024-03-31 23:00:20,091 - root - INFO - val auc:0.6366823641682053
2024-03-31 23:00:20,091 - root - INFO - test auc: 0.7565835023054605
2024-03-31 23:00:20,092 - root - INFO - epoch: 5 took 136.95s
2024-03-31 23:00:20,093 - root - INFO - Epoch mean loss: 335.8099456114314
2024-03-31 23:00:20,097 - root - INFO - start 6 epoch
2024-03-31 23:02:37,298 - root - INFO - val auc:0.6384599544672569
2024-03-31 23:02:37,298 - root - INFO - test auc: 0.7569242165945667
2024-03-31 23:02:37,299 - root - INFO - epoch: 6 took 137.20s
2024-03-31 23:02:37,300 - root - INFO - Epoch mean loss: 335.76274662891666
2024-03-31 23:02:37,305 - root - INFO - start 7 epoch
2024-03-31 23:04:56,641 - root - INFO - val auc:0.6394346133366525
2024-03-31 23:04:56,641 - root - INFO - test auc: 0.7571008656754691
2024-03-31 23:04:56,641 - root - INFO - epoch: 7 took 139.34s
2024-03-31 23:04:56,642 - root - INFO - Epoch mean loss: 335.72025182647127
2024-03-31 23:04:56,647 - root - INFO - start 8 epoch
2024-03-31 23:07:18,528 - root - INFO - val auc:0.6473202451668522
2024-03-31 23:07:18,528 - root - INFO - test auc: 0.7591147601703809
2024-03-31 23:07:18,529 - root - INFO - epoch: 8 took 141.88s
2024-03-31 23:07:18,529 - root - INFO - Epoch mean loss: 335.7084423962684
2024-03-31 23:07:18,535 - root - INFO - start 9 epoch
2024-03-31 23:09:41,103 - root - INFO - val auc:0.6458173419358407
2024-03-31 23:09:41,103 - root - INFO - test auc: 0.7589032086501066
2024-03-31 23:09:41,104 - root - INFO - epoch: 9 took 142.57s
2024-03-31 23:09:41,104 - root - INFO - Epoch mean loss: 335.67331485308085
2024-03-31 23:09:52,993 - root - INFO - test auc: 0.7589032086501066
2024-03-31 23:09:52,993 - root - INFO - Saving TGN model
2024-03-31 23:09:52,998 - root - INFO - TGN model saved
