2024-04-01 10:12:38,539 - root - INFO - Namespace(data='DGraph', k=1, bs=100, prefix='', path_prefix='./utils/data/', n_degree=20, n_head=2, n_epoch=10, n_layer=1, lr=0.0001, n_runs=1, drop_out=0.1, gpu=0, node_dim=100, time_dim=100, backprop_every=1, embedding_module='HopTransformer', agg_time_line='auto-encoder', use_time_line=True, time_line_length=2, sample_mode='time', hard_sample=True, use_att=False, node_fetch=True)
2024-04-01 10:14:13,086 - root - INFO - num of training instances: 279591
2024-04-01 10:14:13,088 - root - INFO - num of batches per epoch: 2796
2024-04-01 10:14:13,088 - root - INFO - start 0 epoch
2024-04-01 10:16:28,565 - root - INFO - val auc:0.6199166373339334
2024-04-01 10:16:28,565 - root - INFO - test auc: 0.7250974853534201
2024-04-01 10:16:28,574 - root - INFO - epoch: 0 took 135.49s
2024-04-01 10:16:28,575 - root - INFO - Epoch mean loss: 303.09431063225
2024-04-01 10:16:28,584 - root - INFO - start 1 epoch
2024-04-01 10:18:46,207 - root - INFO - val auc:0.6084566750721777
2024-04-01 10:18:46,207 - root - INFO - test auc: 0.7250066575363312
2024-04-01 10:18:46,207 - root - INFO - epoch: 1 took 137.62s
2024-04-01 10:18:46,208 - root - INFO - Epoch mean loss: 301.7824010644348
2024-04-01 10:18:46,212 - root - INFO - start 2 epoch
2024-04-01 10:21:03,992 - root - INFO - val auc:0.6140212388223052
2024-04-01 10:21:03,992 - root - INFO - test auc: 0.7359002891272921
2024-04-01 10:21:03,993 - root - INFO - epoch: 2 took 137.78s
2024-04-01 10:21:03,993 - root - INFO - Epoch mean loss: 301.432787236226
2024-04-01 10:21:03,998 - root - INFO - start 3 epoch
2024-04-01 10:23:17,977 - root - INFO - val auc:0.6158354443283958
2024-04-01 10:23:17,977 - root - INFO - test auc: 0.7394109506961881
2024-04-01 10:23:17,978 - root - INFO - epoch: 3 took 133.98s
2024-04-01 10:23:17,978 - root - INFO - Epoch mean loss: 301.2948106921282
2024-04-01 10:23:17,982 - root - INFO - start 4 epoch
2024-04-01 10:25:34,426 - root - INFO - val auc:0.6266458548520187
2024-04-01 10:25:34,426 - root - INFO - test auc: 0.743339610439017
2024-04-01 10:25:34,427 - root - INFO - epoch: 4 took 136.44s
2024-04-01 10:25:34,427 - root - INFO - Epoch mean loss: 301.22552065924344
2024-04-01 10:25:34,433 - root - INFO - start 5 epoch
2024-04-01 10:27:50,063 - root - INFO - val auc:0.6233719371337014
2024-04-01 10:27:50,064 - root - INFO - test auc: 0.7420799094575059
2024-04-01 10:27:50,065 - root - INFO - epoch: 5 took 135.63s
2024-04-01 10:27:50,066 - root - INFO - Epoch mean loss: 301.1464976200218
2024-04-01 10:27:50,072 - root - INFO - start 6 epoch
2024-04-01 10:30:07,847 - root - INFO - val auc:0.624386368838443
2024-04-01 10:30:07,847 - root - INFO - test auc: 0.7403620273149205
2024-04-01 10:30:07,848 - root - INFO - epoch: 6 took 137.78s
2024-04-01 10:30:07,848 - root - INFO - Epoch mean loss: 301.10507424536013
2024-04-01 10:30:07,852 - root - INFO - start 7 epoch
