2024-03-31 20:06:48,323 - root - INFO - Namespace(data='DGraph', k=1, bs=100, prefix='', path_prefix='./utils/data/', n_degree=20, n_head=2, n_epoch=10, n_layer=1, lr=0.0001, n_runs=1, drop_out=0.1, gpu=0, node_dim=100, time_dim=100, backprop_every=1, embedding_module='HopTransformer', agg_time_line='auto-encoder', use_time_line=True, time_line_length=2, sample_mode='time', hard_sample=True, use_att=False, node_fetch=True)
2024-03-31 20:20:03,906 - root - INFO - num of training instances: 253550
2024-03-31 20:20:03,908 - root - INFO - num of batches per epoch: 2536
2024-03-31 20:20:03,909 - root - INFO - start 0 epoch
2024-03-31 20:22:12,509 - root - INFO - val auc:0.6205005085767386
2024-03-31 20:22:12,509 - root - INFO - test auc: 0.7370767751584646
2024-03-31 20:22:12,511 - root - INFO - epoch: 0 took 128.60s
2024-03-31 20:22:12,511 - root - INFO - Epoch mean loss: 342.774622246294
2024-03-31 20:22:12,520 - root - INFO - start 1 epoch
2024-03-31 20:24:20,194 - root - INFO - val auc:0.6201101811621502
2024-03-31 20:24:20,194 - root - INFO - test auc: 0.7361202905775941
2024-03-31 20:24:20,195 - root - INFO - epoch: 1 took 127.67s
2024-03-31 20:24:20,195 - root - INFO - Epoch mean loss: 341.40577142998245
2024-03-31 20:24:20,207 - root - INFO - start 2 epoch
2024-03-31 20:26:29,803 - root - INFO - val auc:0.6283350495182125
2024-03-31 20:26:29,804 - root - INFO - test auc: 0.7435147069297058
2024-03-31 20:26:29,804 - root - INFO - epoch: 2 took 129.60s
2024-03-31 20:26:29,805 - root - INFO - Epoch mean loss: 340.9932509641918
2024-03-31 20:26:29,810 - root - INFO - start 3 epoch
2024-03-31 20:28:43,963 - root - INFO - val auc:0.6317729131610451
2024-03-31 20:28:43,963 - root - INFO - test auc: 0.7474428459511431
2024-03-31 20:28:43,964 - root - INFO - epoch: 3 took 134.15s
2024-03-31 20:28:43,964 - root - INFO - Epoch mean loss: 340.78081100295395
2024-03-31 20:28:43,972 - root - INFO - start 4 epoch
2024-03-31 20:30:49,279 - root - INFO - val auc:0.6434089605779776
2024-03-31 20:30:49,279 - root - INFO - test auc: 0.7495708995085819
2024-03-31 20:30:49,279 - root - INFO - epoch: 4 took 125.31s
2024-03-31 20:30:49,280 - root - INFO - Epoch mean loss: 340.68899711223804
2024-03-31 20:30:49,284 - root - INFO - start 5 epoch
2024-03-31 20:32:59,881 - root - INFO - val auc:0.649212595541268
2024-03-31 20:32:59,881 - root - INFO - test auc: 0.7512630866747383
2024-03-31 20:32:59,882 - root - INFO - epoch: 5 took 130.60s
2024-03-31 20:32:59,882 - root - INFO - Epoch mean loss: 340.6203787409545
2024-03-31 20:32:59,889 - root - INFO - start 6 epoch
2024-03-31 20:35:08,249 - root - INFO - val auc:0.6441283978367699
2024-03-31 20:35:08,249 - root - INFO - test auc: 0.7524916316501674
2024-03-31 20:35:08,250 - root - INFO - epoch: 6 took 128.36s
2024-03-31 20:35:08,251 - root - INFO - Epoch mean loss: 340.54749931070705
2024-03-31 20:35:08,256 - root - INFO - start 7 epoch
2024-03-31 20:37:20,711 - root - INFO - val auc:0.6453485634276817
2024-03-31 20:37:20,711 - root - INFO - test auc: 0.7516676162666478
2024-03-31 20:37:20,712 - root - INFO - epoch: 7 took 132.46s
2024-03-31 20:37:20,712 - root - INFO - Epoch mean loss: 340.5364088425501
2024-03-31 20:37:20,719 - root - INFO - start 8 epoch
2024-03-31 20:39:28,833 - root - INFO - val auc:0.6512317289097621
2024-03-31 20:39:28,833 - root - INFO - test auc: 0.7531130261377394
2024-03-31 20:39:28,834 - root - INFO - epoch: 8 took 128.11s
2024-03-31 20:39:28,834 - root - INFO - Epoch mean loss: 340.49748455613195
2024-03-31 20:39:28,838 - root - INFO - start 9 epoch
2024-03-31 20:41:29,211 - root - INFO - val auc:0.6501196097144436
2024-03-31 20:41:29,211 - root - INFO - test auc: 0.75275799444484
2024-03-31 20:41:29,212 - root - INFO - epoch: 9 took 120.37s
2024-03-31 20:41:29,212 - root - INFO - Epoch mean loss: 340.48072768009797
2024-03-31 20:41:39,360 - root - INFO - test auc: 0.75275799444484
2024-03-31 20:41:39,361 - root - INFO - Saving TGN model
2024-03-31 20:41:39,375 - root - INFO - TGN model saved
