2024-04-01 10:30:27,817 - root - INFO - Namespace(data='DGraph', k=1, bs=100, prefix='', path_prefix='./utils/data/', n_degree=20, n_head=2, n_epoch=10, n_layer=1, lr=0.0001, n_runs=1, drop_out=0.1, gpu=0, node_dim=100, time_dim=100, backprop_every=1, embedding_module='HopTransformer', agg_time_line='auto-encoder', use_time_line=True, time_line_length=2, sample_mode='time', hard_sample=True, use_att=False, node_fetch=True)
2024-04-01 10:32:00,251 - root - INFO - num of training instances: 280576
2024-04-01 10:32:00,253 - root - INFO - num of batches per epoch: 2806
2024-04-01 10:32:00,253 - root - INFO - start 0 epoch
2024-04-01 10:34:15,223 - root - INFO - val auc:0.6205369341076289
2024-04-01 10:34:15,223 - root - INFO - test auc: 0.7262696785626899
2024-04-01 10:34:15,224 - root - INFO - epoch: 0 took 134.97s
2024-04-01 10:34:15,224 - root - INFO - Epoch mean loss: 305.7288170567769
2024-04-01 10:34:15,232 - root - INFO - start 1 epoch
2024-04-01 10:36:35,973 - root - INFO - val auc:0.6103006140792826
2024-04-01 10:36:35,973 - root - INFO - test auc: 0.7347998470137997
2024-04-01 10:36:35,974 - root - INFO - epoch: 1 took 140.74s
2024-04-01 10:36:35,975 - root - INFO - Epoch mean loss: 304.41513612928003
2024-04-01 10:36:35,980 - root - INFO - start 2 epoch
2024-04-01 10:38:57,155 - root - INFO - val auc:0.6128700702930356
2024-04-01 10:38:57,156 - root - INFO - test auc: 0.7408223720937968
2024-04-01 10:38:57,157 - root - INFO - epoch: 2 took 141.18s
2024-04-01 10:38:57,157 - root - INFO - Epoch mean loss: 304.08054267247064
2024-04-01 10:38:57,163 - root - INFO - start 3 epoch
2024-04-01 10:41:10,335 - root - INFO - val auc:0.6209700446599621
2024-04-01 10:41:10,335 - root - INFO - test auc: 0.7437433632733346
2024-04-01 10:41:10,337 - root - INFO - epoch: 3 took 133.17s
2024-04-01 10:41:10,337 - root - INFO - Epoch mean loss: 303.93759612058284
2024-04-01 10:41:10,343 - root - INFO - start 4 epoch
2024-04-01 10:43:28,374 - root - INFO - val auc:0.6201564731965288
2024-04-01 10:43:28,374 - root - INFO - test auc: 0.7438179559238204
2024-04-01 10:43:28,375 - root - INFO - epoch: 4 took 138.03s
2024-04-01 10:43:28,375 - root - INFO - Epoch mean loss: 303.8312730034674
2024-04-01 10:43:28,382 - root - INFO - start 5 epoch
2024-04-01 10:45:44,499 - root - INFO - val auc:0.6218203171506782
2024-04-01 10:45:44,499 - root - INFO - test auc: 0.7449767551246814
2024-04-01 10:45:44,500 - root - INFO - epoch: 5 took 136.12s
2024-04-01 10:45:44,500 - root - INFO - Epoch mean loss: 303.77562286474836
2024-04-01 10:45:44,504 - root - INFO - start 6 epoch
2024-04-01 10:48:04,009 - root - INFO - val auc:0.6248922507798488
2024-04-01 10:48:04,009 - root - INFO - test auc: 0.7457219689609054
2024-04-01 10:48:04,010 - root - INFO - epoch: 6 took 139.51s
2024-04-01 10:48:04,011 - root - INFO - Epoch mean loss: 303.72240375401884
2024-04-01 10:48:04,016 - root - INFO - start 7 epoch
2024-04-01 10:50:24,450 - root - INFO - val auc:0.6234307428556936
2024-04-01 10:50:24,450 - root - INFO - test auc: 0.7451644245319549
2024-04-01 10:50:24,452 - root - INFO - epoch: 7 took 140.44s
2024-04-01 10:50:24,452 - root - INFO - Epoch mean loss: 303.6956058700681
2024-04-01 10:50:24,458 - root - INFO - start 8 epoch
2024-04-01 10:52:40,099 - root - INFO - val auc:0.6277829850963085
2024-04-01 10:52:40,100 - root - INFO - test auc: 0.7456718446002285
2024-04-01 10:52:40,101 - root - INFO - epoch: 8 took 135.64s
2024-04-01 10:52:40,101 - root - INFO - Epoch mean loss: 303.6730953496605
2024-04-01 10:52:40,111 - root - INFO - start 9 epoch
2024-04-01 10:54:52,964 - root - INFO - val auc:0.6268091588854724
2024-04-01 10:54:52,964 - root - INFO - test auc: 0.7453140849453502
2024-04-01 10:54:52,965 - root - INFO - epoch: 9 took 132.86s
2024-04-01 10:54:52,966 - root - INFO - Epoch mean loss: 303.6464866888328
2024-04-01 10:55:03,764 - root - INFO - test auc: 0.7453140849453502
2024-04-01 10:55:03,765 - root - INFO - Saving TGN model
2024-04-01 10:55:03,773 - root - INFO - TGN model saved
