2024-04-01 21:10:03,946 - root - INFO - Namespace(data='DGraph', k=1, bs=100, prefix='', path_prefix='./utils/data/', n_degree=20, n_head=2, n_epoch=10, n_layer=1, lr=0.0001, n_runs=1, drop_out=0.1, gpu=0, node_dim=100, time_dim=100, backprop_every=1, embedding_module='HopTransformer', agg_time_line='auto-encoder', use_time_line=True, time_line_length=2, sample_mode='time', hard_sample=True, use_att=False, node_fetch=True)
2024-04-01 21:11:21,676 - root - INFO - num of training instances: 276372
2024-04-01 21:11:21,677 - root - INFO - num of batches per epoch: 2764
2024-04-01 21:11:21,677 - root - INFO - start 0 epoch
2024-04-01 21:13:31,658 - root - INFO - val auc:0.6209010136991259
2024-04-01 21:13:31,658 - root - INFO - test auc: 0.7252904306607209
2024-04-01 21:13:31,662 - root - INFO - epoch: 0 took 129.98s
2024-04-01 21:13:31,662 - root - INFO - Epoch mean loss: 292.15009188617535
2024-04-01 21:13:31,670 - root - INFO - start 1 epoch
2024-04-01 21:15:45,174 - root - INFO - val auc:0.6120124251199024
2024-04-01 21:15:45,174 - root - INFO - test auc: 0.734934489503567
2024-04-01 21:15:45,175 - root - INFO - epoch: 1 took 133.51s
2024-04-01 21:15:45,175 - root - INFO - Epoch mean loss: 290.828275680542
2024-04-01 21:15:45,179 - root - INFO - start 2 epoch
2024-04-01 21:17:52,931 - root - INFO - val auc:0.6106510213031207
2024-04-01 21:17:52,931 - root - INFO - test auc: 0.7376174929444743
2024-04-01 21:17:52,933 - root - INFO - epoch: 2 took 127.75s
2024-04-01 21:17:52,933 - root - INFO - Epoch mean loss: 290.53074248240756
2024-04-01 21:17:52,939 - root - INFO - start 3 epoch
2024-04-01 21:20:01,459 - root - INFO - val auc:0.6123391081341952
2024-04-01 21:20:01,459 - root - INFO - test auc: 0.7410131877650284
2024-04-01 21:20:01,460 - root - INFO - epoch: 3 took 128.52s
2024-04-01 21:20:01,461 - root - INFO - Epoch mean loss: 290.38312898737996
2024-04-01 21:20:01,465 - root - INFO - start 4 epoch
2024-04-01 21:22:13,230 - root - INFO - val auc:0.6134914502223254
2024-04-01 21:22:13,231 - root - INFO - test auc: 0.743546990038978
2024-04-01 21:22:13,233 - root - INFO - epoch: 4 took 131.77s
2024-04-01 21:22:13,234 - root - INFO - Epoch mean loss: 290.2775567326635
2024-04-01 21:22:13,241 - root - INFO - start 5 epoch
2024-04-01 21:24:25,973 - root - INFO - val auc:0.6148355284814842
2024-04-01 21:24:25,973 - root - INFO - test auc: 0.7445635568415994
2024-04-01 21:24:25,974 - root - INFO - epoch: 5 took 132.73s
2024-04-01 21:24:25,974 - root - INFO - Epoch mean loss: 290.2375003246081
2024-04-01 21:24:25,979 - root - INFO - start 6 epoch
2024-04-01 21:26:38,603 - root - INFO - val auc:0.6177878035004555
2024-04-01 21:26:38,603 - root - INFO - test auc: 0.7461600331240869
2024-04-01 21:26:38,604 - root - INFO - epoch: 6 took 132.63s
2024-04-01 21:26:38,604 - root - INFO - Epoch mean loss: 290.20665068012244
2024-04-01 21:26:38,609 - root - INFO - start 7 epoch
2024-04-01 21:28:56,479 - root - INFO - val auc:0.6186587015303087
2024-04-01 21:28:56,479 - root - INFO - test auc: 0.7472063449759422
2024-04-01 21:28:56,480 - root - INFO - epoch: 7 took 137.87s
2024-04-01 21:28:56,480 - root - INFO - Epoch mean loss: 290.1708639837726
2024-04-01 21:28:56,484 - root - INFO - start 8 epoch
2024-04-01 21:31:08,421 - root - INFO - val auc:0.6220745314687952
2024-04-01 21:31:08,421 - root - INFO - test auc: 0.7481391497199206
2024-04-01 21:31:08,423 - root - INFO - epoch: 8 took 131.94s
2024-04-01 21:31:08,423 - root - INFO - Epoch mean loss: 290.1329045689054
2024-04-01 21:31:08,429 - root - INFO - start 9 epoch
2024-04-01 21:33:25,418 - root - INFO - val auc:0.6201082731847725
2024-04-01 21:33:25,418 - root - INFO - test auc: 0.7476032629129208
2024-04-01 21:33:25,419 - root - INFO - epoch: 9 took 136.99s
2024-04-01 21:33:25,419 - root - INFO - Epoch mean loss: 290.11967459152817
2024-04-01 21:33:36,062 - root - INFO - test auc: 0.7476032629129208
2024-04-01 21:33:36,062 - root - INFO - Saving TGN model
2024-04-01 21:33:36,070 - root - INFO - TGN model saved
