2024-04-01 23:39:53,562 - root - INFO - Namespace(data='DGraph', k=1, bs=100, prefix='', path_prefix='./utils/data/', n_degree=20, n_head=2, n_epoch=10, n_layer=1, lr=0.0001, n_runs=1, drop_out=0.1, gpu=0, node_dim=100, time_dim=100, backprop_every=1, embedding_module='HopTransformer', agg_time_line='auto-encoder', use_time_line=True, time_line_length=2, sample_mode='time', hard_sample=True, use_att=False, node_fetch=True)
2024-04-01 23:43:19,628 - root - INFO - num of training instances: 267637
2024-04-01 23:43:19,631 - root - INFO - num of batches per epoch: 2677
2024-04-01 23:43:19,631 - root - INFO - start 0 epoch
2024-04-01 23:45:31,452 - root - INFO - val auc:0.6436277185666431
2024-04-01 23:45:31,452 - root - INFO - test auc: 0.7299011312211394
2024-04-01 23:45:31,454 - root - INFO - epoch: 0 took 131.82s
2024-04-01 23:45:31,454 - root - INFO - Epoch mean loss: 280.9153624866986
2024-04-01 23:45:31,469 - root - INFO - start 1 epoch
2024-04-01 23:47:47,433 - root - INFO - val auc:0.6270873789303815
2024-04-01 23:47:47,433 - root - INFO - test auc: 0.7288984171546872
2024-04-01 23:47:47,435 - root - INFO - epoch: 1 took 135.97s
2024-04-01 23:47:47,436 - root - INFO - Epoch mean loss: 279.63623808674464
2024-04-01 23:47:47,442 - root - INFO - start 2 epoch
2024-04-01 23:50:01,918 - root - INFO - val auc:0.6290423903997422
2024-04-01 23:50:01,918 - root - INFO - test auc: 0.7347367179754991
2024-04-01 23:50:01,919 - root - INFO - epoch: 2 took 134.48s
2024-04-01 23:50:01,919 - root - INFO - Epoch mean loss: 279.3011831141783
2024-04-01 23:50:01,924 - root - INFO - start 3 epoch
2024-04-01 23:52:16,733 - root - INFO - val auc:0.6257238822220432
2024-04-01 23:52:16,733 - root - INFO - test auc: 0.7369604140352137
2024-04-01 23:52:16,734 - root - INFO - epoch: 3 took 134.81s
2024-04-01 23:52:16,734 - root - INFO - Epoch mean loss: 279.1525744387228
2024-04-01 23:52:16,740 - root - INFO - start 4 epoch
2024-04-01 23:54:31,445 - root - INFO - val auc:0.6357623321729741
2024-04-01 23:54:31,445 - root - INFO - test auc: 0.741820171398918
2024-04-01 23:54:31,446 - root - INFO - epoch: 4 took 134.71s
2024-04-01 23:54:31,446 - root - INFO - Epoch mean loss: 279.073590033171
2024-04-01 23:54:31,452 - root - INFO - start 5 epoch
2024-04-01 23:56:45,598 - root - INFO - val auc:0.632163130404694
2024-04-01 23:56:45,598 - root - INFO - test auc: 0.7400798875260978
2024-04-01 23:56:45,599 - root - INFO - epoch: 5 took 134.15s
2024-04-01 23:56:45,599 - root - INFO - Epoch mean loss: 279.0243881048887
2024-04-01 23:56:45,604 - root - INFO - start 6 epoch
2024-04-01 23:59:00,406 - root - INFO - val auc:0.6389683839387187
2024-04-01 23:59:00,406 - root - INFO - test auc: 0.7422687925572102
2024-04-01 23:59:00,407 - root - INFO - epoch: 6 took 134.80s
2024-04-01 23:59:00,407 - root - INFO - Epoch mean loss: 278.9782306983215
2024-04-01 23:59:00,412 - root - INFO - start 7 epoch
2024-04-02 00:01:15,502 - root - INFO - val auc:0.6421607142324477
2024-04-02 00:01:15,502 - root - INFO - test auc: 0.7431169612123978
2024-04-02 00:01:15,503 - root - INFO - epoch: 7 took 135.09s
2024-04-02 00:01:15,503 - root - INFO - Epoch mean loss: 278.9546918730082
2024-04-02 00:01:15,507 - root - INFO - start 8 epoch
2024-04-02 00:03:29,879 - root - INFO - val auc:0.6386217676238884
2024-04-02 00:03:29,880 - root - INFO - test auc: 0.7420109727241999
2024-04-02 00:03:29,881 - root - INFO - epoch: 8 took 134.37s
2024-04-02 00:03:29,881 - root - INFO - Epoch mean loss: 278.93166387798095
2024-04-02 00:03:29,886 - root - INFO - start 9 epoch
2024-04-02 00:05:43,563 - root - INFO - val auc:0.6384523372737821
2024-04-02 00:05:43,563 - root - INFO - test auc: 0.7428064055044534
2024-04-02 00:05:43,564 - root - INFO - epoch: 9 took 133.68s
2024-04-02 00:05:43,564 - root - INFO - Epoch mean loss: 278.9142889793034
2024-04-02 00:05:55,802 - root - INFO - test auc: 0.7428064055044534
2024-04-02 00:05:55,802 - root - INFO - Saving TGN model
2024-04-02 00:05:55,809 - root - INFO - TGN model saved
