2024-04-02 23:21:41,396 - root - INFO - Namespace(data='DGraph', k=1, bs=100, prefix='', path_prefix='./utils/data/', n_degree=20, n_head=2, n_epoch=12, n_layer=1, lr=0.0001, n_runs=1, drop_out=0.1, gpu=0, node_dim=100, time_dim=100, backprop_every=1, embedding_module='HopTransformer', agg_time_line='auto-encoder', use_time_line=True, time_line_length=2, sample_mode='time', hard_sample=True, use_att=False, node_fetch=False)
2024-04-02 23:21:54,066 - root - INFO - num of training instances: 324506
2024-04-02 23:21:54,068 - root - INFO - num of batches per epoch: 3246
2024-04-02 23:21:54,068 - root - INFO - start 0 epoch
2024-04-02 23:24:47,902 - root - INFO - val auc:0.6816873723552822
2024-04-02 23:24:47,903 - root - INFO - test auc: 0.7664649289842204
2024-04-02 23:24:47,904 - root - INFO - epoch: 0 took 173.84s
2024-04-02 23:24:47,905 - root - INFO - Epoch mean loss: 395.7660691551566
2024-04-02 23:24:47,966 - root - INFO - start 1 epoch
2024-04-02 23:27:43,294 - root - INFO - val auc:0.6837939786865755
2024-04-02 23:27:43,295 - root - INFO - test auc: 0.772223356617455
2024-04-02 23:27:43,298 - root - INFO - epoch: 1 took 175.33s
2024-04-02 23:27:43,299 - root - INFO - Epoch mean loss: 394.48204887875494
2024-04-02 23:27:43,314 - root - INFO - start 2 epoch
2024-04-02 23:30:32,681 - root - INFO - val auc:0.6930253369359272
2024-04-02 23:30:32,681 - root - INFO - test auc: 0.7731113506531743
2024-04-02 23:30:32,683 - root - INFO - epoch: 2 took 169.37s
2024-04-02 23:30:32,683 - root - INFO - Epoch mean loss: 394.1521496934356
2024-04-02 23:30:32,688 - root - INFO - start 3 epoch
2024-04-02 23:33:17,109 - root - INFO - val auc:0.6917504754063009
2024-04-02 23:33:17,110 - root - INFO - test auc: 0.7756789355468285
2024-04-02 23:33:17,111 - root - INFO - epoch: 3 took 164.42s
2024-04-02 23:33:17,111 - root - INFO - Epoch mean loss: 393.99193257368864
2024-04-02 23:33:17,117 - root - INFO - start 4 epoch
2024-04-02 23:35:59,129 - root - INFO - val auc:0.6948802575785358
2024-04-02 23:35:59,129 - root - INFO - test auc: 0.7762274024512434
2024-04-02 23:35:59,130 - root - INFO - epoch: 4 took 162.01s
2024-04-02 23:35:59,131 - root - INFO - Epoch mean loss: 393.90419738261846
2024-04-02 23:35:59,135 - root - INFO - start 5 epoch
2024-04-02 23:38:50,389 - root - INFO - val auc:0.6976888738204216
2024-04-02 23:38:50,389 - root - INFO - test auc: 0.7755877618276532
2024-04-02 23:38:50,390 - root - INFO - epoch: 5 took 171.26s
2024-04-02 23:38:50,390 - root - INFO - Epoch mean loss: 393.85461914017844
2024-04-02 23:38:50,395 - root - INFO - start 6 epoch
2024-04-02 23:41:40,458 - root - INFO - val auc:0.6973769334823268
2024-04-02 23:41:40,459 - root - INFO - test auc: 0.7733573297496996
2024-04-02 23:41:40,460 - root - INFO - epoch: 6 took 170.06s
2024-04-02 23:41:40,460 - root - INFO - Epoch mean loss: 393.82128701060185
2024-04-02 23:41:40,466 - root - INFO - start 7 epoch
2024-04-02 23:44:20,339 - root - INFO - val auc:0.6980740422970341
2024-04-02 23:44:20,340 - root - INFO - test auc: 0.7712342167370256
2024-04-02 23:44:20,341 - root - INFO - epoch: 7 took 159.88s
2024-04-02 23:44:20,341 - root - INFO - Epoch mean loss: 393.77951923682963
2024-04-02 23:44:20,347 - root - INFO - start 8 epoch
2024-04-02 23:47:05,281 - root - INFO - val auc:0.6957935912117008
2024-04-02 23:47:05,282 - root - INFO - test auc: 0.7717738986737073
2024-04-02 23:47:05,283 - root - INFO - epoch: 8 took 164.94s
2024-04-02 23:47:05,283 - root - INFO - Epoch mean loss: 393.76412127771573
2024-04-02 23:47:05,288 - root - INFO - start 9 epoch
2024-04-02 23:49:48,481 - root - INFO - val auc:0.7021341677881527
2024-04-02 23:49:48,481 - root - INFO - test auc: 0.7702683451495107
2024-04-02 23:49:48,483 - root - INFO - epoch: 9 took 163.20s
2024-04-02 23:49:48,483 - root - INFO - Epoch mean loss: 393.7472561047684
2024-04-02 23:49:48,490 - root - INFO - start 10 epoch
2024-04-02 23:52:36,131 - root - INFO - val auc:0.7032697805346922
2024-04-02 23:52:36,131 - root - INFO - test auc: 0.7684909324887101
2024-04-02 23:52:36,132 - root - INFO - epoch: 10 took 167.64s
2024-04-02 23:52:36,132 - root - INFO - Epoch mean loss: 393.70099566266333
2024-04-02 23:52:36,137 - root - INFO - start 11 epoch
2024-04-02 23:55:29,101 - root - INFO - val auc:0.704062028269521
2024-04-02 23:55:29,101 - root - INFO - test auc: 0.7703253287239953
2024-04-02 23:55:29,102 - root - INFO - epoch: 11 took 172.97s
2024-04-02 23:55:29,103 - root - INFO - Epoch mean loss: 393.67642223401634
2024-04-02 23:55:29,107 - root - INFO - max test auc: 0.7762274024512434
2024-04-02 23:55:29,107 - root - INFO - max val auc: 0.704062028269521
2024-04-02 23:55:29,107 - root - INFO - Saving TGN model
2024-04-02 23:55:29,112 - root - INFO - TGN model saved
