2024-04-02 19:31:37,259 - root - INFO - Namespace(data='DGraph', k=1, bs=100, prefix='', path_prefix='./utils/data/', n_degree=20, n_head=2, n_epoch=12, n_layer=1, lr=0.0001, n_runs=1, drop_out=0.1, gpu=0, node_dim=100, time_dim=100, backprop_every=1, embedding_module='HopTransformer', agg_time_line='auto-encoder', use_time_line=True, time_line_length=2, sample_mode='time', hard_sample=True, use_att=False, node_fetch=False)
2024-04-02 19:31:49,075 - root - INFO - num of training instances: 324506
2024-04-02 19:31:49,078 - root - INFO - num of batches per epoch: 3246
2024-04-02 19:31:49,078 - root - INFO - start 0 epoch
2024-04-02 19:34:34,642 - root - INFO - val auc:0.6761664319906637
2024-04-02 19:34:34,642 - root - INFO - test auc: 0.7650581469891304
2024-04-02 19:34:34,643 - root - INFO - epoch: 0 took 165.56s
2024-04-02 19:34:34,643 - root - INFO - Epoch mean loss: 395.36716514476933
2024-04-02 19:34:34,688 - root - INFO - start 1 epoch
2024-04-02 19:37:22,949 - root - INFO - val auc:0.6881519178276498
2024-04-02 19:37:22,949 - root - INFO - test auc: 0.77018714355587
2024-04-02 19:37:22,950 - root - INFO - epoch: 1 took 168.26s
2024-04-02 19:37:22,950 - root - INFO - Epoch mean loss: 394.1616051363049
2024-04-02 19:37:22,955 - root - INFO - start 2 epoch
2024-04-02 19:40:18,783 - root - INFO - val auc:0.695073418416358
2024-04-02 19:40:18,783 - root - INFO - test auc: 0.7753194641644546
2024-04-02 19:40:18,784 - root - INFO - epoch: 2 took 175.83s
2024-04-02 19:40:18,784 - root - INFO - Epoch mean loss: 393.9939168270767
2024-04-02 19:40:18,789 - root - INFO - start 3 epoch
2024-04-02 19:43:05,057 - root - INFO - val auc:0.688303851800086
2024-04-02 19:43:05,057 - root - INFO - test auc: 0.7728950505016929
2024-04-02 19:43:05,058 - root - INFO - epoch: 3 took 166.27s
2024-04-02 19:43:05,058 - root - INFO - Epoch mean loss: 393.8908156502489
2024-04-02 19:43:05,062 - root - INFO - start 4 epoch
2024-04-02 19:45:54,447 - root - INFO - val auc:0.6912756457049678
2024-04-02 19:45:54,447 - root - INFO - test auc: 0.7756775109574665
2024-04-02 19:45:54,448 - root - INFO - epoch: 4 took 169.39s
2024-04-02 19:45:54,448 - root - INFO - Epoch mean loss: 393.8589300427698
2024-04-02 19:45:54,452 - root - INFO - start 5 epoch
2024-04-02 19:48:36,898 - root - INFO - val auc:0.6886420274161538
2024-04-02 19:48:36,898 - root - INFO - test auc: 0.7734812690242038
2024-04-02 19:48:36,899 - root - INFO - epoch: 5 took 162.45s
2024-04-02 19:48:36,899 - root - INFO - Epoch mean loss: 393.8284181934481
2024-04-02 19:48:36,903 - root - INFO - start 6 epoch
2024-04-02 19:51:19,711 - root - INFO - val auc:0.6911831014826679
2024-04-02 19:51:19,711 - root - INFO - test auc: 0.7750701610260842
2024-04-02 19:51:19,712 - root - INFO - epoch: 6 took 162.81s
2024-04-02 19:51:19,712 - root - INFO - Epoch mean loss: 393.7837475534581
2024-04-02 19:51:19,716 - root - INFO - start 7 epoch
2024-04-02 19:54:02,825 - root - INFO - val auc:0.6961138922427761
2024-04-02 19:54:02,826 - root - INFO - test auc: 0.7768717917060407
2024-04-02 19:54:02,827 - root - INFO - epoch: 7 took 163.11s
2024-04-02 19:54:02,827 - root - INFO - Epoch mean loss: 393.76347339087187
2024-04-02 19:54:02,833 - root - INFO - start 8 epoch
2024-04-02 19:56:48,051 - root - INFO - val auc:0.6968409842323097
2024-04-02 19:56:48,052 - root - INFO - test auc: 0.7755972590900673
2024-04-02 19:56:48,053 - root - INFO - epoch: 8 took 165.22s
2024-04-02 19:56:48,053 - root - INFO - Epoch mean loss: 393.73852016980163
2024-04-02 19:56:48,058 - root - INFO - start 9 epoch
2024-04-02 19:59:35,204 - root - INFO - val auc:0.6972996691471978
2024-04-02 19:59:35,204 - root - INFO - test auc: 0.7757948021482808
2024-04-02 19:59:35,205 - root - INFO - epoch: 9 took 167.15s
2024-04-02 19:59:35,205 - root - INFO - Epoch mean loss: 393.7218520704494
2024-04-02 19:59:35,209 - root - INFO - start 10 epoch
2024-04-02 20:02:18,374 - root - INFO - val auc:0.7000177592650894
2024-04-02 20:02:18,374 - root - INFO - test auc: 0.7773286100281593
2024-04-02 20:02:18,375 - root - INFO - epoch: 10 took 163.17s
2024-04-02 20:02:18,376 - root - INFO - Epoch mean loss: 393.68154070602105
2024-04-02 20:02:18,381 - root - INFO - start 11 epoch
2024-04-02 20:05:05,002 - root - INFO - val auc:0.7010539085951384
2024-04-02 20:05:05,002 - root - INFO - test auc: 0.7739034223385108
2024-04-02 20:05:05,003 - root - INFO - epoch: 11 took 166.62s
2024-04-02 20:05:05,003 - root - INFO - Epoch mean loss: 393.67128940048735
2024-04-02 20:05:17,818 - root - INFO - test auc: 0.7739034223385108
2024-04-02 20:05:17,819 - root - INFO - Saving TGN model
2024-04-02 20:05:17,823 - root - INFO - TGN model saved
