2024-03-28 15:48:40,983 - root - INFO - Namespace(data='DGraph', k=1, bs=100, prefix='', path_prefix='./utils/data/', n_degree=20, n_head=2, n_epoch=10, n_layer=1, lr=0.0001, n_runs=1, drop_out=0.1, gpu=0, node_dim=100, time_dim=100, backprop_every=1, embedding_module='HopTransformer', agg_time_line='auto-encoder', use_time_line=True, time_line_length=2, sample_mode='time', hard_sample=True, use_att=False, node_fetch=True)
2024-03-28 16:04:30,848 - root - INFO - num of training instances: 253550
2024-03-28 16:04:30,848 - root - INFO - num of batches per epoch: 2536
2024-03-28 16:04:30,848 - root - INFO - start 0 epoch
2024-03-28 16:06:42,452 - root - INFO - val auc:0.6205005085767386
2024-03-28 16:06:42,452 - root - INFO - test auc: 0.7370767751584646
2024-03-28 16:06:42,453 - root - INFO - epoch: 0 took 131.60s
2024-03-28 16:06:42,454 - root - INFO - Epoch mean loss: 342.774622246294
2024-03-28 16:06:42,462 - root - INFO - start 1 epoch
2024-03-28 16:08:49,337 - root - INFO - val auc:0.6201101811621502
2024-03-28 16:08:49,338 - root - INFO - test auc: 0.7361202905775941
2024-03-28 16:08:49,339 - root - INFO - epoch: 1 took 126.88s
2024-03-28 16:08:49,339 - root - INFO - Epoch mean loss: 341.40577142998245
2024-03-28 16:08:49,344 - root - INFO - start 2 epoch
2024-03-28 16:10:46,385 - root - INFO - val auc:0.6283350495182125
2024-03-28 16:10:46,385 - root - INFO - test auc: 0.7435147069297058
2024-03-28 16:10:46,386 - root - INFO - epoch: 2 took 117.04s
2024-03-28 16:10:46,386 - root - INFO - Epoch mean loss: 340.9932509641918
2024-03-28 16:10:46,390 - root - INFO - start 3 epoch
2024-03-28 16:12:47,019 - root - INFO - val auc:0.6317729131610451
2024-03-28 16:12:47,019 - root - INFO - test auc: 0.7474428459511431
2024-03-28 16:12:47,020 - root - INFO - epoch: 3 took 120.63s
2024-03-28 16:12:47,020 - root - INFO - Epoch mean loss: 340.78081100295395
2024-03-28 16:12:47,025 - root - INFO - start 4 epoch
2024-03-28 16:14:49,332 - root - INFO - val auc:0.6434089605779776
2024-03-28 16:14:49,333 - root - INFO - test auc: 0.7495708995085819
2024-03-28 16:14:49,333 - root - INFO - epoch: 4 took 122.31s
2024-03-28 16:14:49,334 - root - INFO - Epoch mean loss: 340.68899711223804
2024-03-28 16:14:49,338 - root - INFO - start 5 epoch
2024-03-28 16:16:50,742 - root - INFO - val auc:0.649212595541268
2024-03-28 16:16:50,742 - root - INFO - test auc: 0.7512630866747383
2024-03-28 16:16:50,743 - root - INFO - epoch: 5 took 121.41s
2024-03-28 16:16:50,744 - root - INFO - Epoch mean loss: 340.6203787409545
2024-03-28 16:16:50,748 - root - INFO - start 6 epoch
2024-03-28 16:18:52,110 - root - INFO - val auc:0.6441283978367699
2024-03-28 16:18:52,110 - root - INFO - test auc: 0.7524916316501674
2024-03-28 16:18:52,111 - root - INFO - epoch: 6 took 121.36s
2024-03-28 16:18:52,111 - root - INFO - Epoch mean loss: 340.54749931070705
2024-03-28 16:18:52,115 - root - INFO - start 7 epoch
2024-03-28 16:20:52,334 - root - INFO - val auc:0.6453485634276817
2024-03-28 16:20:52,334 - root - INFO - test auc: 0.7516676162666478
2024-03-28 16:20:52,335 - root - INFO - epoch: 7 took 120.22s
2024-03-28 16:20:52,335 - root - INFO - Epoch mean loss: 340.5364088425501
2024-03-28 16:20:52,339 - root - INFO - start 8 epoch
2024-03-28 16:22:53,049 - root - INFO - val auc:0.6512317289097621
2024-03-28 16:22:53,049 - root - INFO - test auc: 0.7531130261377394
2024-03-28 16:22:53,050 - root - INFO - epoch: 8 took 120.71s
2024-03-28 16:22:53,050 - root - INFO - Epoch mean loss: 340.49748455613195
2024-03-28 16:22:53,054 - root - INFO - start 9 epoch
2024-03-28 16:24:53,343 - root - INFO - val auc:0.6501196097144436
2024-03-28 16:24:53,344 - root - INFO - test auc: 0.75275799444484
2024-03-28 16:24:53,344 - root - INFO - epoch: 9 took 120.29s
2024-03-28 16:24:53,345 - root - INFO - Epoch mean loss: 340.48072768009797
2024-03-28 16:25:03,255 - root - INFO - test auc: 0.75275799444484
2024-03-28 16:25:03,255 - root - INFO - Saving TGN model
2024-03-28 16:25:03,259 - root - INFO - TGN model saved
