2024-04-01 11:06:31,635 - root - INFO - Namespace(data='DGraph', k=1, bs=100, prefix='', path_prefix='./utils/data/', n_degree=20, n_head=2, n_epoch=10, n_layer=1, lr=0.0001, n_runs=1, drop_out=0.1, gpu=0, node_dim=100, time_dim=100, backprop_every=1, embedding_module='HopTransformer', agg_time_line='auto-encoder', use_time_line=True, time_line_length=2, sample_mode='time', hard_sample=True, use_att=False, node_fetch=True)
2024-04-01 11:07:27,007 - root - INFO - num of training instances: 277014
2024-04-01 11:07:27,009 - root - INFO - num of batches per epoch: 2771
2024-04-01 11:07:27,009 - root - INFO - start 0 epoch
2024-04-01 11:09:44,623 - root - INFO - val auc:0.6232087295674656
2024-04-01 11:09:44,623 - root - INFO - test auc: 0.7265828438919617
2024-04-01 11:09:44,624 - root - INFO - epoch: 0 took 137.62s
2024-04-01 11:09:44,624 - root - INFO - Epoch mean loss: 293.27216164276774
2024-04-01 11:09:44,628 - root - INFO - start 1 epoch
2024-04-01 11:12:04,734 - root - INFO - val auc:0.6107395114720496
2024-04-01 11:12:04,735 - root - INFO - test auc: 0.735189409058942
2024-04-01 11:12:04,737 - root - INFO - epoch: 1 took 140.11s
2024-04-01 11:12:04,737 - root - INFO - Epoch mean loss: 291.9331948133377
2024-04-01 11:12:04,744 - root - INFO - start 2 epoch
2024-04-01 11:14:22,489 - root - INFO - val auc:0.6116002131187999
2024-04-01 11:14:22,489 - root - INFO - test auc: 0.740784721826234
2024-04-01 11:14:22,490 - root - INFO - epoch: 2 took 137.75s
2024-04-01 11:14:22,491 - root - INFO - Epoch mean loss: 291.63761463323596
2024-04-01 11:14:22,495 - root - INFO - start 3 epoch
2024-04-01 11:16:43,625 - root - INFO - val auc:0.6118977491056622
2024-04-01 11:16:43,625 - root - INFO - test auc: 0.7437004618805954
2024-04-01 11:16:43,627 - root - INFO - epoch: 3 took 141.13s
2024-04-01 11:16:43,628 - root - INFO - Epoch mean loss: 291.5020948965512
2024-04-01 11:16:43,634 - root - INFO - start 4 epoch
2024-04-01 11:19:17,202 - root - INFO - val auc:0.6142878395427632
2024-04-01 11:19:17,202 - root - INFO - test auc: 0.7439703674136589
2024-04-01 11:19:17,204 - root - INFO - epoch: 4 took 153.57s
2024-04-01 11:19:17,205 - root - INFO - Epoch mean loss: 291.41261991392787
2024-04-01 11:19:17,211 - root - INFO - start 5 epoch
2024-04-01 11:21:44,573 - root - INFO - val auc:0.6187222405459286
2024-04-01 11:21:44,573 - root - INFO - test auc: 0.7469032141567353
2024-04-01 11:21:44,574 - root - INFO - epoch: 5 took 147.36s
2024-04-01 11:21:44,574 - root - INFO - Epoch mean loss: 291.36170562997444
2024-04-01 11:21:44,579 - root - INFO - start 6 epoch
2024-04-01 11:24:05,157 - root - INFO - val auc:0.6187233937861877
2024-04-01 11:24:05,157 - root - INFO - test auc: 0.7469217464028436
2024-04-01 11:24:05,158 - root - INFO - epoch: 6 took 140.58s
2024-04-01 11:24:05,158 - root - INFO - Epoch mean loss: 291.31055418225844
2024-04-01 11:24:05,164 - root - INFO - start 7 epoch
2024-04-01 11:26:17,813 - root - INFO - val auc:0.6246864147528643
2024-04-01 11:26:17,813 - root - INFO - test auc: 0.7482130638079489
2024-04-01 11:26:17,814 - root - INFO - epoch: 7 took 132.65s
2024-04-01 11:26:17,814 - root - INFO - Epoch mean loss: 291.2854763349012
2024-04-01 11:26:17,818 - root - INFO - start 8 epoch
2024-04-01 11:28:34,906 - root - INFO - val auc:0.6288738301338604
2024-04-01 11:28:34,907 - root - INFO - test auc: 0.7467715876907872
2024-04-01 11:28:34,908 - root - INFO - epoch: 8 took 137.09s
2024-04-01 11:28:34,908 - root - INFO - Epoch mean loss: 291.25060509000605
2024-04-01 11:28:34,916 - root - INFO - start 9 epoch
