2024-03-29 21:36:12,378 - root - INFO - Namespace(data='DGraph', k=1, bs=100, prefix='', path_prefix='./utils/data/', n_degree=20, n_head=2, n_epoch=10, n_layer=1, lr=0.0001, n_runs=1, drop_out=0.1, gpu=0, node_dim=100, time_dim=100, backprop_every=1, embedding_module='HopTransformer', agg_time_line='auto-encoder', use_time_line=True, time_line_length=2, sample_mode='time', hard_sample=True, use_att=False, node_fetch=True)
2024-03-29 21:51:03,570 - root - INFO - num of training instances: 253550
2024-03-29 21:51:03,571 - root - INFO - num of batches per epoch: 2536
2024-03-29 21:51:03,571 - root - INFO - start 0 epoch
2024-03-29 21:53:09,266 - root - INFO - val auc:0.6205005085767386
2024-03-29 21:53:09,266 - root - INFO - test auc: 0.7370767751584646
2024-03-29 21:53:09,267 - root - INFO - epoch: 0 took 125.70s
2024-03-29 21:53:09,267 - root - INFO - Epoch mean loss: 342.774622246294
2024-03-29 21:53:09,278 - root - INFO - start 1 epoch
2024-03-29 21:55:09,557 - root - INFO - val auc:0.6201101811621502
2024-03-29 21:55:09,558 - root - INFO - test auc: 0.7361202905775941
2024-03-29 21:55:09,558 - root - INFO - epoch: 1 took 120.28s
2024-03-29 21:55:09,559 - root - INFO - Epoch mean loss: 341.40577142998245
2024-03-29 21:55:09,571 - root - INFO - start 2 epoch
2024-03-29 21:57:09,589 - root - INFO - val auc:0.6283350495182125
2024-03-29 21:57:09,589 - root - INFO - test auc: 0.7435147069297058
2024-03-29 21:57:09,590 - root - INFO - epoch: 2 took 120.02s
2024-03-29 21:57:09,590 - root - INFO - Epoch mean loss: 340.9932509641918
2024-03-29 21:57:09,594 - root - INFO - start 3 epoch
2024-03-29 21:59:11,063 - root - INFO - val auc:0.6317729131610451
2024-03-29 21:59:11,063 - root - INFO - test auc: 0.7474428459511431
2024-03-29 21:59:11,064 - root - INFO - epoch: 3 took 121.47s
2024-03-29 21:59:11,065 - root - INFO - Epoch mean loss: 340.78081100295395
2024-03-29 21:59:11,069 - root - INFO - start 4 epoch
2024-03-29 22:01:12,475 - root - INFO - val auc:0.6434089605779776
2024-03-29 22:01:12,475 - root - INFO - test auc: 0.7495708995085819
2024-03-29 22:01:12,476 - root - INFO - epoch: 4 took 121.41s
2024-03-29 22:01:12,476 - root - INFO - Epoch mean loss: 340.68899711223804
2024-03-29 22:01:12,481 - root - INFO - start 5 epoch
2024-03-29 22:03:11,564 - root - INFO - val auc:0.649212595541268
2024-03-29 22:03:11,564 - root - INFO - test auc: 0.7512630866747383
2024-03-29 22:03:11,565 - root - INFO - epoch: 5 took 119.08s
2024-03-29 22:03:11,565 - root - INFO - Epoch mean loss: 340.6203787409545
2024-03-29 22:03:11,578 - root - INFO - start 6 epoch
2024-03-29 22:05:13,014 - root - INFO - val auc:0.6441283978367699
2024-03-29 22:05:13,014 - root - INFO - test auc: 0.7524916316501674
2024-03-29 22:05:13,015 - root - INFO - epoch: 6 took 121.44s
2024-03-29 22:05:13,015 - root - INFO - Epoch mean loss: 340.54749931070705
2024-03-29 22:05:13,021 - root - INFO - start 7 epoch
2024-03-29 22:07:14,333 - root - INFO - val auc:0.6453485634276817
2024-03-29 22:07:14,333 - root - INFO - test auc: 0.7516676162666478
2024-03-29 22:07:14,334 - root - INFO - epoch: 7 took 121.31s
2024-03-29 22:07:14,334 - root - INFO - Epoch mean loss: 340.5364088425501
2024-03-29 22:07:14,338 - root - INFO - start 8 epoch
2024-03-29 22:09:17,588 - root - INFO - val auc:0.6512317289097621
2024-03-29 22:09:17,588 - root - INFO - test auc: 0.7531130261377394
2024-03-29 22:09:17,589 - root - INFO - epoch: 8 took 123.25s
2024-03-29 22:09:17,589 - root - INFO - Epoch mean loss: 340.49748455613195
2024-03-29 22:09:17,598 - root - INFO - start 9 epoch
2024-03-29 22:11:17,663 - root - INFO - val auc:0.6501196097144436
2024-03-29 22:11:17,663 - root - INFO - test auc: 0.75275799444484
2024-03-29 22:11:17,664 - root - INFO - epoch: 9 took 120.07s
2024-03-29 22:11:17,664 - root - INFO - Epoch mean loss: 340.48072768009797
2024-03-29 22:11:27,470 - root - INFO - test auc: 0.75275799444484
2024-03-29 22:11:27,471 - root - INFO - Saving TGN model
2024-03-29 22:11:27,477 - root - INFO - TGN model saved
