2024-03-31 21:01:10,405 - root - INFO - Namespace(data='DGraph', k=1, bs=100, prefix='', path_prefix='./utils/data/', n_degree=20, n_head=2, n_epoch=10, n_layer=1, lr=0.0001, n_runs=1, drop_out=0.1, gpu=0, node_dim=100, time_dim=100, backprop_every=1, embedding_module='HopTransformer', agg_time_line='auto-encoder', use_time_line=True, time_line_length=2, sample_mode='time', hard_sample=True, use_att=False, node_fetch=True)
2024-03-31 21:14:38,969 - root - INFO - num of training instances: 167178
2024-03-31 21:14:38,969 - root - INFO - num of batches per epoch: 1672
2024-03-31 21:14:38,969 - root - INFO - start 0 epoch
2024-03-31 21:16:01,048 - root - INFO - val auc:0.5911057032469813
2024-03-31 21:16:01,048 - root - INFO - test auc: 0.6676109929208836
2024-03-31 21:16:01,049 - root - INFO - epoch: 0 took 82.08s
2024-03-31 21:16:01,050 - root - INFO - Epoch mean loss: 213.23456667028546
2024-03-31 21:16:01,060 - root - INFO - start 1 epoch
2024-03-31 21:17:20,655 - root - INFO - val auc:0.5822953776043588
2024-03-31 21:17:20,655 - root - INFO - test auc: 0.6660338707231193
2024-03-31 21:17:20,656 - root - INFO - epoch: 1 took 79.60s
2024-03-31 21:17:20,656 - root - INFO - Epoch mean loss: 212.09563220630992
2024-03-31 21:17:20,661 - root - INFO - start 2 epoch
2024-03-31 21:18:38,622 - root - INFO - val auc:0.580487563716216
2024-03-31 21:18:38,622 - root - INFO - test auc: 0.6708969203589157
2024-03-31 21:18:38,623 - root - INFO - epoch: 2 took 77.96s
2024-03-31 21:18:38,623 - root - INFO - Epoch mean loss: 211.6680292832224
2024-03-31 21:18:38,628 - root - INFO - start 3 epoch
2024-03-31 21:19:49,517 - root - INFO - val auc:0.5817862381828003
2024-03-31 21:19:49,517 - root - INFO - test auc: 0.6735126477207048
2024-03-31 21:19:49,517 - root - INFO - epoch: 3 took 70.89s
2024-03-31 21:19:49,518 - root - INFO - Epoch mean loss: 211.43477406570216
2024-03-31 21:19:49,522 - root - INFO - start 4 epoch
2024-03-31 21:21:03,537 - root - INFO - val auc:0.5782576806264335
2024-03-31 21:21:03,537 - root - INFO - test auc: 0.6731872830047918
2024-03-31 21:21:03,538 - root - INFO - epoch: 4 took 74.02s
2024-03-31 21:21:03,538 - root - INFO - Epoch mean loss: 211.31309277475165
2024-03-31 21:21:03,543 - root - INFO - start 5 epoch
2024-03-31 21:22:18,144 - root - INFO - val auc:0.5766136768130529
2024-03-31 21:22:18,144 - root - INFO - test auc: 0.6729613210524805
2024-03-31 21:22:18,145 - root - INFO - epoch: 5 took 74.60s
2024-03-31 21:22:18,145 - root - INFO - Epoch mean loss: 211.25022519034061
2024-03-31 21:22:18,150 - root - INFO - start 6 epoch
2024-03-31 21:23:35,489 - root - INFO - val auc:0.5807163075143076
2024-03-31 21:23:35,489 - root - INFO - test auc: 0.6745199973765869
2024-03-31 21:23:35,490 - root - INFO - epoch: 6 took 77.34s
2024-03-31 21:23:35,490 - root - INFO - Epoch mean loss: 211.18243297777678
2024-03-31 21:23:35,494 - root - INFO - start 7 epoch
2024-03-31 21:24:48,522 - root - INFO - val auc:0.5847503150761348
2024-03-31 21:24:48,522 - root - INFO - test auc: 0.672595990276975
2024-03-31 21:24:48,523 - root - INFO - epoch: 7 took 73.03s
2024-03-31 21:24:48,523 - root - INFO - Epoch mean loss: 211.15194495442952
2024-03-31 21:24:48,528 - root - INFO - start 8 epoch
2024-03-31 21:26:06,311 - root - INFO - val auc:0.581514697157969
2024-03-31 21:26:06,311 - root - INFO - test auc: 0.6698542161118557
2024-03-31 21:26:06,311 - root - INFO - epoch: 8 took 77.78s
2024-03-31 21:26:06,312 - root - INFO - Epoch mean loss: 211.13545036315918
2024-03-31 21:26:06,316 - root - INFO - start 9 epoch
2024-03-31 21:27:26,825 - root - INFO - val auc:0.5807118802149897
2024-03-31 21:27:26,825 - root - INFO - test auc: 0.6687392655263018
2024-03-31 21:27:26,826 - root - INFO - epoch: 9 took 80.51s
2024-03-31 21:27:26,826 - root - INFO - Epoch mean loss: 211.12235986901243
2024-03-31 21:27:35,383 - root - INFO - test auc: 0.6687392655263018
2024-03-31 21:27:35,384 - root - INFO - Saving TGN model
2024-03-31 21:27:35,388 - root - INFO - TGN model saved
