2024-03-22 23:40:27,774 - root - INFO - Namespace(data='DGraph', k=1, bs=100, prefix='', path_prefix='./utils/data/', n_degree=20, n_head=2, n_epoch=5, n_layer=1, lr=0.0001, n_runs=1, drop_out=0.1, gpu=0, node_dim=100, time_dim=100, backprop_every=1, embedding_module='HopTransformer', agg_time_line='auto-encoder', use_time_line=True, time_line_length=1, sample_mode='time', hard_sample=True, use_att=0)
2024-03-22 23:40:41,507 - root - INFO - num of training instances: 324506
2024-03-22 23:40:41,508 - root - INFO - num of batches per epoch: 3246
2024-03-22 23:40:41,508 - root - INFO - start 0 epoch
2024-03-22 23:43:06,369 - root - INFO - val auc:0.6700559186210507
2024-03-22 23:43:06,378 - root - INFO - test auc: 0.7442551059657054
2024-03-22 23:43:06,379 - root - INFO - epoch: 0 took 144.87s
2024-03-22 23:43:06,379 - root - INFO - Epoch mean loss: 0.13858053808432436
2024-03-22 23:43:06,388 - root - INFO - start 1 epoch
2024-03-22 23:45:31,431 - root - INFO - val auc:0.6768866047860066
2024-03-22 23:45:31,431 - root - INFO - test auc: 0.734002336326554
2024-03-22 23:45:31,432 - root - INFO - epoch: 1 took 145.04s
2024-03-22 23:45:31,432 - root - INFO - Epoch mean loss: -0.22102378090107427
2024-03-22 23:45:31,437 - root - INFO - start 2 epoch
2024-03-22 23:47:56,527 - root - INFO - val auc:0.6750374501385569
2024-03-22 23:47:56,527 - root - INFO - test auc: 0.7335899177062211
2024-03-22 23:47:56,527 - root - INFO - epoch: 2 took 145.09s
2024-03-22 23:47:56,528 - root - INFO - Epoch mean loss: -0.9563260025842889
2024-03-22 23:47:56,531 - root - INFO - start 3 epoch
2024-03-22 23:50:26,008 - root - INFO - val auc:0.6769240837545394
2024-03-22 23:50:26,008 - root - INFO - test auc: 0.7591627213455722
2024-03-22 23:50:26,009 - root - INFO - epoch: 3 took 149.48s
2024-03-22 23:50:26,009 - root - INFO - Epoch mean loss: -5.600878480609818
2024-03-22 23:50:26,013 - root - INFO - start 4 epoch
2024-03-22 23:52:57,317 - root - INFO - val auc:0.6760139214187116
2024-03-22 23:52:57,317 - root - INFO - test auc: 0.7574054903674017
2024-03-22 23:52:57,318 - root - INFO - epoch: 4 took 151.30s
2024-03-22 23:52:57,319 - root - INFO - Epoch mean loss: -6.383767387165408
2024-03-22 23:53:08,576 - root - INFO - test auc: 0.7574054903674017
2024-03-22 23:53:08,577 - root - INFO - Saving TGN model
2024-03-22 23:53:08,581 - root - INFO - TGN model saved
