2024-04-02 00:51:17,022 - root - INFO - Namespace(data='DGraph', k=1, bs=100, prefix='', path_prefix='./utils/data/', n_degree=20, n_head=2, n_epoch=10, n_layer=1, lr=0.0001, n_runs=1, drop_out=0.1, gpu=0, node_dim=100, time_dim=100, backprop_every=1, embedding_module='HopTransformer', agg_time_line='auto-encoder', use_time_line=True, time_line_length=2, sample_mode='time', hard_sample=True, use_att=False, node_fetch=True)
2024-04-02 00:54:27,224 - root - INFO - num of training instances: 240896
2024-04-02 00:54:27,224 - root - INFO - num of batches per epoch: 2409
2024-04-02 00:54:27,225 - root - INFO - start 0 epoch
2024-04-02 00:56:36,691 - root - INFO - val auc:0.6843441512507914
2024-04-02 00:56:36,691 - root - INFO - test auc: 0.7153695262628834
2024-04-02 00:56:36,693 - root - INFO - epoch: 0 took 129.47s
2024-04-02 00:56:36,693 - root - INFO - Epoch mean loss: 232.87382238125988
2024-04-02 00:56:36,700 - root - INFO - start 1 epoch
2024-04-02 00:58:40,493 - root - INFO - val auc:0.6628089047372754
2024-04-02 00:58:40,493 - root - INFO - test auc: 0.7200802459137914
2024-04-02 00:58:40,494 - root - INFO - epoch: 1 took 123.79s
2024-04-02 00:58:40,494 - root - INFO - Epoch mean loss: 231.6837384266297
2024-04-02 00:58:40,498 - root - INFO - start 2 epoch
2024-04-02 01:00:44,865 - root - INFO - val auc:0.6565230848698633
2024-04-02 01:00:44,865 - root - INFO - test auc: 0.723723191017668
2024-04-02 01:00:44,866 - root - INFO - epoch: 2 took 124.37s
2024-04-02 01:00:44,867 - root - INFO - Epoch mean loss: 231.3719796085318
2024-04-02 01:00:44,872 - root - INFO - start 3 epoch
2024-04-02 01:02:50,982 - root - INFO - val auc:0.6571222321049859
2024-04-02 01:02:50,982 - root - INFO - test auc: 0.7310915638098128
2024-04-02 01:02:50,983 - root - INFO - epoch: 3 took 126.11s
2024-04-02 01:02:50,983 - root - INFO - Epoch mean loss: 231.1873555323948
2024-04-02 01:02:50,987 - root - INFO - start 4 epoch
2024-04-02 01:04:59,051 - root - INFO - val auc:0.65722304528636
2024-04-02 01:04:59,051 - root - INFO - test auc: 0.7346717364533603
2024-04-02 01:04:59,052 - root - INFO - epoch: 4 took 128.07s
2024-04-02 01:04:59,052 - root - INFO - Epoch mean loss: 231.1339857260584
2024-04-02 01:04:59,056 - root - INFO - start 5 epoch
2024-04-02 01:07:06,911 - root - INFO - val auc:0.6569155482247777
2024-04-02 01:07:06,911 - root - INFO - test auc: 0.7355409100764153
2024-04-02 01:07:06,912 - root - INFO - epoch: 5 took 127.86s
2024-04-02 01:07:06,912 - root - INFO - Epoch mean loss: 231.07852552896122
2024-04-02 01:07:06,918 - root - INFO - start 6 epoch
2024-04-02 01:09:15,000 - root - INFO - val auc:0.6568892491339845
2024-04-02 01:09:15,000 - root - INFO - test auc: 0.7363586659845249
2024-04-02 01:09:15,001 - root - INFO - epoch: 6 took 128.08s
2024-04-02 01:09:15,001 - root - INFO - Epoch mean loss: 231.01838632142608
2024-04-02 01:09:15,006 - root - INFO - start 7 epoch
2024-04-02 01:11:18,850 - root - INFO - val auc:0.6601132479309696
2024-04-02 01:11:18,850 - root - INFO - test auc: 0.7376702461965888
2024-04-02 01:11:18,851 - root - INFO - epoch: 7 took 123.85s
2024-04-02 01:11:18,851 - root - INFO - Epoch mean loss: 231.01238340993004
2024-04-02 01:11:18,857 - root - INFO - start 8 epoch
2024-04-02 01:13:26,647 - root - INFO - val auc:0.6584017840224257
2024-04-02 01:13:26,647 - root - INFO - test auc: 0.7390465270332922
2024-04-02 01:13:26,647 - root - INFO - epoch: 8 took 127.79s
2024-04-02 01:13:26,648 - root - INFO - Epoch mean loss: 230.98135974546744
2024-04-02 01:13:26,653 - root - INFO - start 9 epoch
2024-04-02 01:15:34,392 - root - INFO - val auc:0.6611409354788895
2024-04-02 01:15:34,392 - root - INFO - test auc: 0.7396892484701088
2024-04-02 01:15:34,393 - root - INFO - epoch: 9 took 127.74s
2024-04-02 01:15:34,393 - root - INFO - Epoch mean loss: 230.9723463838355
2024-04-02 01:15:46,424 - root - INFO - test auc: 0.7396892484701088
2024-04-02 01:15:46,425 - root - INFO - Saving TGN model
2024-04-02 01:15:46,432 - root - INFO - TGN model saved
