2024-03-25 20:41:31,811 - root - INFO - Namespace(agg_time_line='auto-encoder', backprop_every=1, bs=100, data='mooc', drop_out=0.1, embedding_module='HopTransformer', gpu=0, hard_sample=True, k=1, lr=0.0001, n_degree=20, n_epoch=10, n_head=2, n_layer=1, n_runs=1, node_dim=100, path_prefix='./utils/data/', prefix='', sample_mode='time', time_dim=100, time_line_length=1, use_att=False, use_time_line=True)
2024-03-25 20:41:40,094 - root - INFO - num of training instances: 288224
2024-03-25 20:41:40,095 - root - INFO - num of batches per epoch: 2883
2024-03-25 20:41:40,095 - root - INFO - start 0 epoch
2024-03-25 20:46:51,298 - root - INFO - val auc:0.49745013032406904
2024-03-25 20:46:51,298 - root - INFO - test auc: 0.5110602711011917
2024-03-25 20:46:51,299 - root - INFO - epoch: 0 took 311.20s
2024-03-25 20:46:51,299 - root - INFO - Epoch mean loss: 0.2442279257761535
2024-03-25 20:46:51,304 - root - INFO - start 1 epoch
2024-03-25 20:52:35,598 - root - INFO - val auc:0.5444831236992435
2024-03-25 20:52:35,598 - root - INFO - test auc: 0.5800063351272724
2024-03-25 20:52:35,599 - root - INFO - epoch: 1 took 344.29s
2024-03-25 20:52:35,599 - root - INFO - Epoch mean loss: 0.06654351805729267
2024-03-25 20:52:35,605 - root - INFO - start 2 epoch
2024-03-25 20:58:53,928 - root - INFO - val auc:0.591858257275204
2024-03-25 20:58:53,928 - root - INFO - test auc: 0.6353047775630856
2024-03-25 20:58:53,929 - root - INFO - epoch: 2 took 378.32s
2024-03-25 20:58:53,930 - root - INFO - Epoch mean loss: 0.05829262571535976
2024-03-25 20:58:53,934 - root - INFO - start 3 epoch
2024-03-25 21:03:58,672 - root - INFO - val auc:0.6154215987021339
2024-03-25 21:03:58,672 - root - INFO - test auc: 0.6534834236705196
2024-03-25 21:03:58,673 - root - INFO - epoch: 3 took 304.74s
2024-03-25 21:03:58,673 - root - INFO - Epoch mean loss: 0.05628890595620125
2024-03-25 21:03:58,678 - root - INFO - start 4 epoch
2024-03-25 21:11:04,494 - root - INFO - val auc:0.6148247128850781
2024-03-25 21:11:04,494 - root - INFO - test auc: 0.6687576428076618
2024-03-25 21:11:04,495 - root - INFO - epoch: 4 took 425.82s
2024-03-25 21:11:04,495 - root - INFO - Epoch mean loss: 0.05546513651415287
2024-03-25 21:11:04,500 - root - INFO - start 5 epoch
2024-03-25 21:16:08,847 - root - INFO - val auc:0.6239435586803823
2024-03-25 21:16:08,848 - root - INFO - test auc: 0.6819551150310578
2024-03-25 21:16:08,848 - root - INFO - epoch: 5 took 304.35s
2024-03-25 21:16:08,849 - root - INFO - Epoch mean loss: 0.05485713412449606
2024-03-25 21:16:08,853 - root - INFO - start 6 epoch
2024-03-25 21:22:34,861 - root - INFO - val auc:0.6305926182740043
2024-03-25 21:22:34,862 - root - INFO - test auc: 0.6838247938762784
2024-03-25 21:22:34,862 - root - INFO - epoch: 6 took 386.01s
2024-03-25 21:22:34,863 - root - INFO - Epoch mean loss: 0.05474647809565584
2024-03-25 21:22:34,867 - root - INFO - start 7 epoch
2024-03-25 21:27:51,298 - root - INFO - val auc:0.6441230698668892
2024-03-25 21:27:51,299 - root - INFO - test auc: 0.6917296978217917
2024-03-25 21:27:51,299 - root - INFO - epoch: 7 took 316.43s
2024-03-25 21:27:51,299 - root - INFO - Epoch mean loss: 0.05437905227127761
2024-03-25 21:27:51,303 - root - INFO - start 8 epoch
2024-03-25 21:32:56,432 - root - INFO - val auc:0.6515752648033328
2024-03-25 21:32:56,432 - root - INFO - test auc: 0.7008541857936932
2024-03-25 21:32:56,433 - root - INFO - epoch: 8 took 305.13s
2024-03-25 21:32:56,433 - root - INFO - Epoch mean loss: 0.054157569487277124
2024-03-25 21:32:56,436 - root - INFO - start 9 epoch
2024-03-25 21:38:05,674 - root - INFO - val auc:0.6478110733455098
2024-03-25 21:38:05,674 - root - INFO - test auc: 0.7044388146429472
2024-03-25 21:38:05,675 - root - INFO - epoch: 9 took 309.24s
2024-03-25 21:38:05,676 - root - INFO - Epoch mean loss: 0.05398570448583353
2024-03-25 21:38:36,838 - root - INFO - test auc: 0.7044388146429472
2024-03-25 21:38:36,839 - root - INFO - Saving TGN model
2024-03-25 21:38:36,843 - root - INFO - TGN model saved
