2024-03-24 19:42:19,269 - root - INFO - Namespace(agg_time_line='auto-encoder', backprop_every=1, bs=100, data='mooc', drop_out=0.1, embedding_module='graph_attention', gpu=0, hard_sample=True, k=2, lr=0.0001, n_degree=20, n_epoch=10, n_head=2, n_layer=1, n_runs=1, node_dim=100, path_prefix='./utils/data/', prefix='', sample_mode='time', time_dim=100, time_line_length=1, use_att=True, use_time_line=True)
2024-03-24 19:42:30,203 - root - INFO - num of training instances: 288224
2024-03-24 19:42:30,203 - root - INFO - num of batches per epoch: 2883
2024-03-24 19:42:30,204 - root - INFO - start 0 epoch
2024-03-24 19:48:54,538 - root - INFO - val auc:0.38080558874107995
2024-03-24 19:48:54,539 - root - INFO - test auc: 0.40914758495114945
2024-03-24 19:48:54,598 - root - INFO - epoch: 0 took 384.39s
2024-03-24 19:48:54,598 - root - INFO - Epoch mean loss: 0.10022288676644629
2024-03-24 19:48:54,604 - root - INFO - start 1 epoch
2024-03-24 19:55:27,164 - root - INFO - val auc:0.5354196837750316
2024-03-24 19:55:27,164 - root - INFO - test auc: 0.5388544015254985
2024-03-24 19:55:27,218 - root - INFO - epoch: 1 took 392.61s
2024-03-24 19:55:27,218 - root - INFO - Epoch mean loss: 0.058679634098840944
2024-03-24 19:55:27,226 - root - INFO - start 2 epoch
2024-03-24 20:01:50,635 - root - INFO - val auc:0.645547116188603
2024-03-24 20:01:50,635 - root - INFO - test auc: 0.6555456634445842
2024-03-24 20:01:50,636 - root - INFO - epoch: 2 took 383.41s
2024-03-24 20:01:50,637 - root - INFO - Epoch mean loss: 0.057380025281189344
2024-03-24 20:01:50,643 - root - INFO - start 3 epoch
2024-03-24 20:08:23,928 - root - INFO - val auc:0.6868974746562898
2024-03-24 20:08:23,928 - root - INFO - test auc: 0.6784568058476236
2024-03-24 20:08:23,929 - root - INFO - epoch: 3 took 393.29s
2024-03-24 20:08:23,930 - root - INFO - Epoch mean loss: 0.05621685646038258
2024-03-24 20:08:23,934 - root - INFO - start 4 epoch
