2024-03-24 22:15:21,439 - root - INFO - Namespace(agg_time_line='auto-encoder', backprop_every=1, bs=100, data='mooc', drop_out=0.1, embedding_module='graph_attention', gpu=0, hard_sample=True, k=2, lr=0.0001, n_degree=20, n_epoch=10, n_head=2, n_layer=1, n_runs=1, node_dim=100, path_prefix='./utils/data/', prefix='', sample_mode='time', time_dim=100, time_line_length=2, use_att=False, use_time_line=True)
2024-03-24 22:15:34,342 - root - INFO - num of training instances: 288224
2024-03-24 22:15:34,343 - root - INFO - num of batches per epoch: 2883
2024-03-24 22:15:34,343 - root - INFO - start 0 epoch
2024-03-24 22:22:10,747 - root - INFO - val auc:0.3904777339003256
2024-03-24 22:22:10,747 - root - INFO - test auc: 0.4189883676001402
2024-03-24 22:22:10,790 - root - INFO - epoch: 0 took 396.45s
2024-03-24 22:22:10,791 - root - INFO - Epoch mean loss: 0.10056816756388058
2024-03-24 22:22:10,798 - root - INFO - start 1 epoch
2024-03-24 22:28:53,970 - root - INFO - val auc:0.47536666269720845
2024-03-24 22:28:53,970 - root - INFO - test auc: 0.48684034025624906
2024-03-24 22:28:54,022 - root - INFO - epoch: 1 took 403.22s
2024-03-24 22:28:54,023 - root - INFO - Epoch mean loss: 0.058851327863723775
2024-03-24 22:28:54,032 - root - INFO - start 2 epoch
2024-03-24 22:35:39,372 - root - INFO - val auc:0.6367691555169708
2024-03-24 22:35:39,372 - root - INFO - test auc: 0.643761000539272
2024-03-24 22:35:39,414 - root - INFO - epoch: 2 took 405.38s
2024-03-24 22:35:39,415 - root - INFO - Epoch mean loss: 0.05742212077664122
2024-03-24 22:35:39,424 - root - INFO - start 3 epoch
2024-03-24 22:42:21,178 - root - INFO - val auc:0.6862993349236776
2024-03-24 22:42:21,179 - root - INFO - test auc: 0.6798889083851829
2024-03-24 22:42:21,180 - root - INFO - epoch: 3 took 401.76s
2024-03-24 22:42:21,180 - root - INFO - Epoch mean loss: 0.05627275285890253
2024-03-24 22:42:21,184 - root - INFO - start 4 epoch
2024-03-24 22:48:55,477 - root - INFO - val auc:0.6958355741565221
2024-03-24 22:48:55,477 - root - INFO - test auc: 0.6877335038769773
2024-03-24 22:48:55,530 - root - INFO - epoch: 4 took 394.35s
2024-03-24 22:48:55,531 - root - INFO - Epoch mean loss: 0.055158547496767484
2024-03-24 22:48:55,541 - root - INFO - start 5 epoch
2024-03-24 22:55:35,463 - root - INFO - val auc:0.7036000745233769
2024-03-24 22:55:35,463 - root - INFO - test auc: 0.6934366356517513
2024-03-24 22:55:35,506 - root - INFO - epoch: 5 took 399.97s
2024-03-24 22:55:35,507 - root - INFO - Epoch mean loss: 0.05468250145687309
2024-03-24 22:55:35,518 - root - INFO - start 6 epoch
