2024-03-25 13:08:55,524 - root - INFO - Namespace(agg_time_line='auto-encoder', backprop_every=1, bs=100, data='reddit', drop_out=0.1, embedding_module='graph_attention', gpu=0, hard_sample=True, k=1, lr=0.0001, n_degree=20, n_epoch=10, n_head=2, n_layer=1, n_runs=1, node_dim=100, path_prefix='./utils/data/', prefix='', sample_mode='time', time_dim=100, time_line_length=2, use_att=False, use_time_line=True)
2024-03-25 13:09:06,794 - root - INFO - num of training instances: 470713
2024-03-25 13:09:06,795 - root - INFO - num of batches per epoch: 4708
2024-03-25 13:09:06,797 - root - INFO - start 0 epoch
2024-03-25 13:22:45,677 - root - INFO - val auc:0.5936584397842788
2024-03-25 13:22:45,677 - root - INFO - test auc: 0.568588586819629
2024-03-25 13:22:45,678 - root - INFO - epoch: 0 took 818.88s
2024-03-25 13:22:45,679 - root - INFO - Epoch mean loss: 0.003966815264181497
2024-03-25 13:22:45,690 - root - INFO - start 1 epoch
2024-03-25 13:36:35,477 - root - INFO - val auc:0.6499200181018032
2024-03-25 13:36:35,477 - root - INFO - test auc: 0.5864094485795017
2024-03-25 13:36:35,478 - root - INFO - epoch: 1 took 829.79s
2024-03-25 13:36:35,479 - root - INFO - Epoch mean loss: 0.003411418944568963
2024-03-25 13:36:35,489 - root - INFO - start 2 epoch
2024-03-25 13:50:32,986 - root - INFO - val auc:0.6730395662343288
2024-03-25 13:50:32,987 - root - INFO - test auc: 0.6048677235607055
2024-03-25 13:50:32,988 - root - INFO - epoch: 2 took 837.50s
2024-03-25 13:50:32,988 - root - INFO - Epoch mean loss: 0.003326095391514193
2024-03-25 13:50:32,997 - root - INFO - start 3 epoch
2024-03-25 14:04:00,398 - root - INFO - val auc:0.6699648612053913
2024-03-25 14:04:00,398 - root - INFO - test auc: 0.5817386918270704
2024-03-25 14:04:00,399 - root - INFO - epoch: 3 took 807.40s
2024-03-25 14:04:00,399 - root - INFO - Epoch mean loss: 0.00323369379197802
2024-03-25 14:04:00,409 - root - INFO - start 4 epoch
