2024-03-26 00:01:48,404 - root - INFO - Namespace(agg_time_line='auto-encoder', backprop_every=1, bs=100, data='reddit', drop_out=0.1, embedding_module='HopTransformer', gpu=0, hard_sample=True, k=3, lr=0.0001, n_degree=20, n_epoch=10, n_head=2, n_layer=1, n_runs=1, node_dim=100, path_prefix='./utils/data/', prefix='', sample_mode='time', time_dim=100, time_line_length=2, use_att=False, use_time_line=True)
2024-03-26 00:01:59,369 - root - INFO - num of training instances: 470713
2024-03-26 00:01:59,369 - root - INFO - num of batches per epoch: 4708
2024-03-26 00:01:59,371 - root - INFO - start 0 epoch
2024-03-26 00:41:41,564 - root - INFO - val auc:0.6092281081316544
2024-03-26 00:41:41,564 - root - INFO - test auc: 0.6105961555474058
2024-03-26 00:41:41,565 - root - INFO - epoch: 0 took 2382.19s
2024-03-26 00:41:41,565 - root - INFO - Epoch mean loss: 0.0057736938270054865
2024-03-26 00:41:41,575 - root - INFO - start 1 epoch
2024-03-26 01:21:20,054 - root - INFO - val auc:0.6182350257793394
2024-03-26 01:21:20,054 - root - INFO - test auc: 0.6402751412432957
2024-03-26 01:21:20,055 - root - INFO - epoch: 1 took 2378.48s
2024-03-26 01:21:20,055 - root - INFO - Epoch mean loss: 0.003513836551148196
2024-03-26 01:21:20,068 - root - INFO - start 2 epoch
2024-03-26 02:01:20,901 - root - INFO - val auc:0.6527662725652409
2024-03-26 02:01:20,901 - root - INFO - test auc: 0.6497378456024293
2024-03-26 02:01:20,902 - root - INFO - epoch: 2 took 2400.83s
2024-03-26 02:01:20,902 - root - INFO - Epoch mean loss: 0.003265339217126949
2024-03-26 02:01:20,913 - root - INFO - start 3 epoch
2024-03-26 02:41:17,759 - root - INFO - val auc:0.6551093428779206
2024-03-26 02:41:17,760 - root - INFO - test auc: 0.6462701825526974
2024-03-26 02:41:17,761 - root - INFO - epoch: 3 took 2396.85s
2024-03-26 02:41:17,761 - root - INFO - Epoch mean loss: 0.003129742564718859
2024-03-26 02:41:17,772 - root - INFO - start 4 epoch
2024-03-26 03:20:55,278 - root - INFO - val auc:0.6464285843930027
2024-03-26 03:20:55,278 - root - INFO - test auc: 0.6330609072718947
2024-03-26 03:20:55,279 - root - INFO - epoch: 4 took 2377.51s
2024-03-26 03:20:55,280 - root - INFO - Epoch mean loss: 0.0029888556932055137
2024-03-26 03:20:55,289 - root - INFO - start 5 epoch
2024-03-26 04:00:19,241 - root - INFO - val auc:0.6401056583865437
2024-03-26 04:00:19,241 - root - INFO - test auc: 0.6399472503083082
2024-03-26 04:00:19,242 - root - INFO - epoch: 5 took 2363.95s
2024-03-26 04:00:19,243 - root - INFO - Epoch mean loss: 0.002820753176036942
2024-03-26 04:00:19,252 - root - INFO - start 6 epoch
2024-03-26 04:38:48,841 - root - INFO - val auc:0.6516090155692449
2024-03-26 04:38:48,841 - root - INFO - test auc: 0.6477848043137189
2024-03-26 04:38:48,842 - root - INFO - epoch: 6 took 2309.59s
2024-03-26 04:38:48,842 - root - INFO - Epoch mean loss: 0.0027106779995233776
2024-03-26 04:38:48,851 - root - INFO - start 7 epoch
2024-03-26 05:17:28,546 - root - INFO - val auc:0.6655212678038375
2024-03-26 05:17:28,547 - root - INFO - test auc: 0.6412630895095803
2024-03-26 05:17:28,547 - root - INFO - epoch: 7 took 2319.70s
2024-03-26 05:17:28,548 - root - INFO - Epoch mean loss: 0.002551343336395276
2024-03-26 05:17:28,557 - root - INFO - start 8 epoch
