2024-04-03 18:57:29,096 - root - INFO - Namespace(data='wikipedia', k=1, bs=100, prefix='', path_prefix='./utils/data/', n_degree=20, n_head=2, n_epoch=10, n_layer=1, lr=0.0001, n_runs=1, drop_out=0.1, gpu=0, node_dim=100, time_dim=100, backprop_every=1, embedding_module='HopTransformer', agg_time_line='auto-encoder', use_time_line=True, time_line_length=2, sample_mode='time', hard_sample=True, use_att=False, node_fetch=False)
2024-04-03 18:57:30,209 - root - INFO - num of training instances: 110232
2024-04-03 18:57:30,218 - root - INFO - num of batches per epoch: 1103
2024-04-03 18:57:30,218 - root - INFO - start 0 epoch
2024-04-03 18:58:21,579 - root - INFO - val auc:0.7359595083585035
2024-04-03 18:58:21,579 - root - INFO - test auc: 0.8563073796882169
2024-04-03 18:58:21,580 - root - INFO - epoch: 0 took 51.36s
2024-04-03 18:58:21,580 - root - INFO - Epoch mean loss: 0.011581637416766781
2024-04-03 18:58:21,593 - root - INFO - start 1 epoch
2024-04-03 18:59:11,206 - root - INFO - val auc:0.7520509983352772
2024-04-03 18:59:11,206 - root - INFO - test auc: 0.8584319463884293
2024-04-03 18:59:11,207 - root - INFO - epoch: 1 took 49.61s
2024-04-03 18:59:11,207 - root - INFO - Epoch mean loss: 0.008937011148780795
2024-04-03 18:59:11,217 - root - INFO - start 2 epoch
2024-04-03 19:00:01,493 - root - INFO - val auc:0.7652018102614712
2024-04-03 19:00:01,493 - root - INFO - test auc: 0.8591308170134994
2024-04-03 19:00:01,494 - root - INFO - epoch: 2 took 50.28s
2024-04-03 19:00:01,494 - root - INFO - Epoch mean loss: 0.008129955316996767
2024-04-03 19:00:01,512 - root - INFO - start 3 epoch
2024-04-03 19:00:51,764 - root - INFO - val auc:0.7492548620871836
2024-04-03 19:00:51,764 - root - INFO - test auc: 0.8471497646010943
2024-04-03 19:00:51,764 - root - INFO - epoch: 3 took 50.25s
2024-04-03 19:00:51,764 - root - INFO - Epoch mean loss: 0.007358379314882026
2024-04-03 19:00:51,775 - root - INFO - start 4 epoch
2024-04-03 19:01:42,967 - root - INFO - val auc:0.7648404557552557
2024-04-03 19:01:42,967 - root - INFO - test auc: 0.806208477445276
2024-04-03 19:01:42,968 - root - INFO - epoch: 4 took 51.19s
2024-04-03 19:01:42,968 - root - INFO - Epoch mean loss: 0.006570171117547229
2024-04-03 19:01:42,977 - root - INFO - start 5 epoch
2024-04-03 19:02:32,928 - root - INFO - val auc:0.7386808816053112
2024-04-03 19:02:32,928 - root - INFO - test auc: 0.7767865061095752
2024-04-03 19:02:32,929 - root - INFO - epoch: 5 took 49.95s
2024-04-03 19:02:32,929 - root - INFO - Epoch mean loss: 0.005904851310402733
2024-04-03 19:02:32,940 - root - INFO - start 6 epoch
