2024-03-23 22:53:25,115 - root - INFO - Namespace(data='wikipedia', k=2, bs=100, prefix='', path_prefix='./utils/data/', n_degree=20, n_head=2, n_epoch=5, n_layer=1, lr=0.0001, n_runs=1, drop_out=0.1, gpu=0, node_dim=100, time_dim=100, backprop_every=1, embedding_module='HopTransformer', agg_time_line='auto-encoder', use_time_line=True, time_line_length=2, sample_mode='time', hard_sample=True, use_att=1)
2024-03-23 22:53:26,262 - root - INFO - num of training instances: 110232
2024-03-23 22:53:26,262 - root - INFO - num of batches per epoch: 1103
2024-03-23 22:53:26,265 - root - INFO - start 0 epoch
2024-03-23 22:57:51,626 - root - INFO - val auc:0.7454294885213871
2024-03-23 22:57:51,626 - root - INFO - test auc: 0.7360409027287764
2024-03-23 22:57:51,627 - root - INFO - epoch: 0 took 265.36s
2024-03-23 22:57:51,627 - root - INFO - Epoch mean loss: 0.018370516468009405
2024-03-23 22:57:51,640 - root - INFO - start 1 epoch
2024-03-23 23:02:18,851 - root - INFO - val auc:0.7595297905639125
2024-03-23 23:02:18,852 - root - INFO - test auc: 0.8215171179924965
2024-03-23 23:02:18,852 - root - INFO - epoch: 1 took 267.21s
2024-03-23 23:02:18,853 - root - INFO - Epoch mean loss: 0.009907969833037784
2024-03-23 23:02:18,864 - root - INFO - start 2 epoch
2024-03-23 23:06:57,297 - root - INFO - val auc:0.7866749902808099
2024-03-23 23:06:57,297 - root - INFO - test auc: 0.8392549364365117
2024-03-23 23:06:57,298 - root - INFO - epoch: 2 took 278.43s
2024-03-23 23:06:57,298 - root - INFO - Epoch mean loss: 0.009212366067843447
2024-03-23 23:06:57,314 - root - INFO - start 3 epoch
2024-03-23 23:11:35,310 - root - INFO - val auc:0.8068697229781593
2024-03-23 23:11:35,310 - root - INFO - test auc: 0.8366223630888348
2024-03-23 23:11:35,311 - root - INFO - epoch: 3 took 278.00s
2024-03-23 23:11:35,311 - root - INFO - Epoch mean loss: 0.008924183433231411
2024-03-23 23:11:35,325 - root - INFO - start 4 epoch
2024-03-23 23:16:12,435 - root - INFO - val auc:0.7881764805566355
2024-03-23 23:16:12,436 - root - INFO - test auc: 0.8238846024823885
2024-03-23 23:16:12,436 - root - INFO - epoch: 4 took 277.11s
2024-03-23 23:16:12,436 - root - INFO - Epoch mean loss: 0.008776572988969012
2024-03-23 23:16:54,336 - root - INFO - test auc: 0.8238846024823885
2024-03-23 23:16:54,336 - root - INFO - Saving TGN model
2024-03-23 23:16:54,350 - root - INFO - TGN model saved
