2024-03-24 15:12:36,178 - root - INFO - Namespace(data='wikipedia', k=1, bs=100, prefix='', path_prefix='./utils/data/', n_degree=20, n_head=2, n_epoch=10, n_layer=1, lr=0.0001, n_runs=1, drop_out=0.1, gpu=0, node_dim=100, time_dim=100, backprop_every=1, embedding_module='HopTransformer', agg_time_line='auto-encoder', use_time_line=True, time_line_length=3, sample_mode='time', hard_sample=True, use_att=False)
2024-03-24 15:12:37,272 - root - INFO - num of training instances: 110232
2024-03-24 15:12:37,272 - root - INFO - num of batches per epoch: 1103
2024-03-24 15:12:37,274 - root - INFO - start 0 epoch
2024-03-24 15:13:33,581 - root - INFO - val auc:0.7070611162614512
2024-03-24 15:13:33,581 - root - INFO - test auc: 0.7506516366104099
2024-03-24 15:13:33,582 - root - INFO - epoch: 0 took 56.31s
2024-03-24 15:13:33,582 - root - INFO - Epoch mean loss: 0.020132580399734888
2024-03-24 15:13:33,593 - root - INFO - start 1 epoch
2024-03-24 15:14:29,846 - root - INFO - val auc:0.8284861987499627
2024-03-24 15:14:29,846 - root - INFO - test auc: 0.8455650152112806
2024-03-24 15:14:29,847 - root - INFO - epoch: 1 took 56.25s
2024-03-24 15:14:29,847 - root - INFO - Epoch mean loss: 0.010000011436036448
2024-03-24 15:14:29,856 - root - INFO - start 2 epoch
2024-03-24 15:15:25,154 - root - INFO - val auc:0.834549478154251
2024-03-24 15:15:25,154 - root - INFO - test auc: 0.8533547717922321
2024-03-24 15:15:25,155 - root - INFO - epoch: 2 took 55.30s
2024-03-24 15:15:25,155 - root - INFO - Epoch mean loss: 0.009221635947299696
2024-03-24 15:15:25,165 - root - INFO - start 3 epoch
2024-03-24 15:16:20,723 - root - INFO - val auc:0.7910498719060578
2024-03-24 15:16:20,724 - root - INFO - test auc: 0.8592773388548933
2024-03-24 15:16:20,724 - root - INFO - epoch: 3 took 55.56s
2024-03-24 15:16:20,724 - root - INFO - Epoch mean loss: 0.008771677840125227
2024-03-24 15:16:20,736 - root - INFO - start 4 epoch
2024-03-24 15:17:15,712 - root - INFO - val auc:0.7960988665929005
2024-03-24 15:17:15,712 - root - INFO - test auc: 0.85165916706189
2024-03-24 15:17:15,713 - root - INFO - epoch: 4 took 54.98s
2024-03-24 15:17:15,713 - root - INFO - Epoch mean loss: 0.008403431830869364
2024-03-24 15:17:15,724 - root - INFO - start 5 epoch
2024-03-24 15:18:10,870 - root - INFO - val auc:0.7897390272835112
2024-03-24 15:18:10,870 - root - INFO - test auc: 0.8457944375682002
2024-03-24 15:18:10,871 - root - INFO - epoch: 5 took 55.15s
2024-03-24 15:18:10,871 - root - INFO - Epoch mean loss: 0.008077611543826784
2024-03-24 15:18:10,880 - root - INFO - start 6 epoch
2024-03-24 15:19:05,528 - root - INFO - val auc:0.8101941844353401
2024-03-24 15:19:05,529 - root - INFO - test auc: 0.813695550748611
2024-03-24 15:19:05,529 - root - INFO - epoch: 6 took 54.65s
2024-03-24 15:19:05,530 - root - INFO - Epoch mean loss: 0.0075613928446277056
2024-03-24 15:19:05,539 - root - INFO - start 7 epoch
2024-03-24 15:20:01,315 - root - INFO - val auc:0.8295777385687371
2024-03-24 15:20:01,315 - root - INFO - test auc: 0.7919360933421247
2024-03-24 15:20:01,316 - root - INFO - epoch: 7 took 55.78s
2024-03-24 15:20:01,316 - root - INFO - Epoch mean loss: 0.007167521547298937
2024-03-24 15:20:01,326 - root - INFO - start 8 epoch
2024-03-24 15:20:55,037 - root - INFO - val auc:0.8378440344109174
2024-03-24 15:20:55,037 - root - INFO - test auc: 0.790444848022148
2024-03-24 15:20:55,038 - root - INFO - epoch: 8 took 53.71s
2024-03-24 15:20:55,038 - root - INFO - Epoch mean loss: 0.006616528544332541
2024-03-24 15:20:55,047 - root - INFO - start 9 epoch
2024-03-24 15:21:49,548 - root - INFO - val auc:0.8152780685227828
2024-03-24 15:21:49,548 - root - INFO - test auc: 0.782857522932596
2024-03-24 15:21:49,549 - root - INFO - epoch: 9 took 54.50s
2024-03-24 15:21:49,549 - root - INFO - Epoch mean loss: 0.006614752732921978
2024-03-24 15:21:55,393 - root - INFO - test auc: 0.782857522932596
2024-03-24 15:21:55,394 - root - INFO - Saving TGN model
2024-03-24 15:21:55,403 - root - INFO - TGN model saved
