2024-03-24 16:59:07,001 - root - INFO - Namespace(data='wikipedia', k=1, bs=200, prefix='', path_prefix='./utils/data/', n_degree=20, n_head=2, n_epoch=10, n_layer=1, lr=0.0001, n_runs=1, drop_out=0.1, gpu=0, node_dim=100, time_dim=100, backprop_every=1, embedding_module='HopTransformer', agg_time_line='auto-encoder', use_time_line=True, time_line_length=2, sample_mode='time', hard_sample=True, use_att=False)
2024-03-24 16:59:08,183 - root - INFO - num of training instances: 110232
2024-03-24 16:59:08,184 - root - INFO - num of batches per epoch: 552
2024-03-24 16:59:08,186 - root - INFO - start 0 epoch
2024-03-24 16:59:43,637 - root - INFO - val auc:0.524283022817668
2024-03-24 16:59:43,637 - root - INFO - test auc: 0.5039262069736685
2024-03-24 16:59:43,638 - root - INFO - epoch: 0 took 35.45s
2024-03-24 16:59:43,638 - root - INFO - Epoch mean loss: 0.029394165609593747
2024-03-24 16:59:43,648 - root - INFO - start 1 epoch
2024-03-24 17:00:18,638 - root - INFO - val auc:0.7218317932155068
2024-03-24 17:00:18,639 - root - INFO - test auc: 0.7482176389162011
2024-03-24 17:00:18,639 - root - INFO - epoch: 1 took 34.99s
2024-03-24 17:00:18,639 - root - INFO - Epoch mean loss: 0.011395416528472013
2024-03-24 17:00:18,649 - root - INFO - start 2 epoch
2024-03-24 17:00:52,883 - root - INFO - val auc:0.7961985505946151
2024-03-24 17:00:52,884 - root - INFO - test auc: 0.8235973425564975
2024-03-24 17:00:52,884 - root - INFO - epoch: 2 took 34.24s
2024-03-24 17:00:52,885 - root - INFO - Epoch mean loss: 0.0099561587631942
2024-03-24 17:00:52,894 - root - INFO - start 3 epoch
2024-03-24 17:01:26,099 - root - INFO - val auc:0.7914012580121017
2024-03-24 17:01:26,100 - root - INFO - test auc: 0.8268613093654448
2024-03-24 17:01:26,100 - root - INFO - epoch: 3 took 33.21s
2024-03-24 17:01:26,100 - root - INFO - Epoch mean loss: 0.009176306178720763
2024-03-24 17:01:26,109 - root - INFO - start 4 epoch
2024-03-24 17:02:00,159 - root - INFO - val auc:0.804123428730923
2024-03-24 17:02:00,159 - root - INFO - test auc: 0.8569493767037984
2024-03-24 17:02:00,160 - root - INFO - epoch: 4 took 34.05s
2024-03-24 17:02:00,160 - root - INFO - Epoch mean loss: 0.008723395630891057
2024-03-24 17:02:00,170 - root - INFO - start 5 epoch
2024-03-24 17:02:33,726 - root - INFO - val auc:0.8290195081591355
2024-03-24 17:02:33,726 - root - INFO - test auc: 0.8532969342232608
2024-03-24 17:02:33,727 - root - INFO - epoch: 5 took 33.56s
2024-03-24 17:02:33,727 - root - INFO - Epoch mean loss: 0.008490332354678843
2024-03-24 17:02:33,737 - root - INFO - start 6 epoch
2024-03-24 17:03:07,423 - root - INFO - val auc:0.8233101069609339
2024-03-24 17:03:07,423 - root - INFO - test auc: 0.8560731375338831
2024-03-24 17:03:07,424 - root - INFO - epoch: 6 took 33.69s
2024-03-24 17:03:07,424 - root - INFO - Epoch mean loss: 0.008048367866465107
2024-03-24 17:03:07,433 - root - INFO - start 7 epoch
2024-03-24 17:03:41,265 - root - INFO - val auc:0.8163546557413001
2024-03-24 17:03:41,265 - root - INFO - test auc: 0.8498141486117057
2024-03-24 17:03:41,266 - root - INFO - epoch: 7 took 33.83s
2024-03-24 17:03:41,266 - root - INFO - Epoch mean loss: 0.007860230601194864
2024-03-24 17:03:41,275 - root - INFO - start 8 epoch
2024-03-24 17:04:14,894 - root - INFO - val auc:0.7533045246568378
2024-03-24 17:04:14,895 - root - INFO - test auc: 0.8565531893563451
2024-03-24 17:04:14,896 - root - INFO - epoch: 8 took 33.62s
2024-03-24 17:04:14,896 - root - INFO - Epoch mean loss: 0.007668656872461408
2024-03-24 17:04:14,904 - root - INFO - start 9 epoch
2024-03-24 17:04:49,291 - root - INFO - val auc:0.7880892570551352
2024-03-24 17:04:49,291 - root - INFO - test auc: 0.8722233147096361
2024-03-24 17:04:49,291 - root - INFO - epoch: 9 took 34.39s
2024-03-24 17:04:49,292 - root - INFO - Epoch mean loss: 0.0072510842662228715
2024-03-24 17:04:53,545 - root - INFO - test auc: 0.8722233147096361
2024-03-24 17:04:53,546 - root - INFO - Saving TGN model
2024-03-24 17:04:53,555 - root - INFO - TGN model saved
