2024-03-24 14:48:29,487 - root - INFO - Namespace(data='wikipedia', k=2, bs=100, prefix='', path_prefix='./utils/data/', n_degree=20, n_head=2, n_epoch=10, n_layer=1, lr=0.0001, n_runs=1, drop_out=0.1, gpu=0, node_dim=100, time_dim=100, backprop_every=1, embedding_module='HopTransformer', agg_time_line='auto-encoder', use_time_line=True, time_line_length=1, sample_mode='time', hard_sample=True, use_att=0)
2024-03-24 14:48:30,523 - root - INFO - num of training instances: 110232
2024-03-24 14:48:30,523 - root - INFO - num of batches per epoch: 1103
2024-03-24 14:48:30,525 - root - INFO - start 0 epoch
2024-03-24 14:51:46,206 - root - INFO - val auc:0.6052064954095517
2024-03-24 14:51:46,207 - root - INFO - test auc: 0.6420220785279953
2024-03-24 14:51:46,207 - root - INFO - epoch: 0 took 195.68s
2024-03-24 14:51:46,207 - root - INFO - Epoch mean loss: 0.024144978536160346
2024-03-24 14:51:46,220 - root - INFO - start 1 epoch
2024-03-24 14:55:02,213 - root - INFO - val auc:0.6922281368063239
2024-03-24 14:55:02,214 - root - INFO - test auc: 0.7827476315515507
2024-03-24 14:55:02,214 - root - INFO - epoch: 1 took 195.99s
2024-03-24 14:55:02,214 - root - INFO - Epoch mean loss: 0.01056071304860396
2024-03-24 14:55:02,225 - root - INFO - start 2 epoch
2024-03-24 14:58:22,683 - root - INFO - val auc:0.7045141900176441
2024-03-24 14:58:22,683 - root - INFO - test auc: 0.8067695018642976
2024-03-24 14:58:22,683 - root - INFO - epoch: 2 took 200.46s
2024-03-24 14:58:22,684 - root - INFO - Epoch mean loss: 0.009706384335934367
2024-03-24 14:58:22,694 - root - INFO - start 3 epoch
2024-03-24 15:01:38,623 - root - INFO - val auc:0.7410932344468035
2024-03-24 15:01:38,623 - root - INFO - test auc: 0.8258722869360355
2024-03-24 15:01:38,624 - root - INFO - epoch: 3 took 195.93s
2024-03-24 15:01:38,624 - root - INFO - Epoch mean loss: 0.009182565560817072
2024-03-24 15:01:38,637 - root - INFO - start 4 epoch
2024-03-24 15:04:55,801 - root - INFO - val auc:0.7555885343461228
2024-03-24 15:04:55,802 - root - INFO - test auc: 0.819094687812082
2024-03-24 15:04:55,802 - root - INFO - epoch: 4 took 197.16s
2024-03-24 15:04:55,803 - root - INFO - Epoch mean loss: 0.008689461968780485
2024-03-24 15:04:55,814 - root - INFO - start 5 epoch
2024-03-24 15:08:11,496 - root - INFO - val auc:0.746184594834375
2024-03-24 15:08:11,496 - root - INFO - test auc: 0.8055057509822747
2024-03-24 15:08:11,497 - root - INFO - epoch: 5 took 195.68s
2024-03-24 15:08:11,497 - root - INFO - Epoch mean loss: 0.008351159663848239
2024-03-24 15:08:11,509 - root - INFO - start 6 epoch
