2024-04-03 19:08:41,429 - root - INFO - Namespace(data='wikipedia', k=1, bs=100, prefix='', path_prefix='./utils/data/', n_degree=20, n_head=2, n_epoch=10, n_layer=1, lr=0.0001, n_runs=1, drop_out=0.1, gpu=0, node_dim=100, time_dim=100, backprop_every=1, embedding_module='HopTransformer', agg_time_line='auto-encoder', use_time_line=True, time_line_length=2, sample_mode='time', hard_sample=True, use_att=False, node_fetch=False)
2024-04-03 19:08:42,473 - root - INFO - num of training instances: 110232
2024-04-03 19:08:42,474 - root - INFO - num of batches per epoch: 1103
2024-04-03 19:08:42,474 - root - INFO - start 0 epoch
2024-04-03 19:09:31,105 - root - INFO - val auc:0.775237497134085
2024-04-03 19:09:31,105 - root - INFO - test auc: 0.7980456685444598
2024-04-03 19:09:31,106 - root - INFO - epoch: 0 took 48.63s
2024-04-03 19:09:31,106 - root - INFO - Epoch mean loss: 0.014280611942674212
2024-04-03 19:09:31,116 - root - INFO - start 1 epoch
2024-04-03 19:10:20,177 - root - INFO - val auc:0.8372509146007157
2024-04-03 19:10:20,178 - root - INFO - test auc: 0.8440188242007812
2024-04-03 19:10:20,178 - root - INFO - epoch: 1 took 49.06s
2024-04-03 19:10:20,178 - root - INFO - Epoch mean loss: 0.009515575938408473
2024-04-03 19:10:20,189 - root - INFO - start 2 epoch
2024-04-03 19:11:09,404 - root - INFO - val auc:0.7946422341178464
2024-04-03 19:11:09,404 - root - INFO - test auc: 0.8478756260916842
2024-04-03 19:11:09,405 - root - INFO - epoch: 2 took 49.22s
2024-04-03 19:11:09,405 - root - INFO - Epoch mean loss: 0.009009789124480343
2024-04-03 19:11:09,417 - root - INFO - start 3 epoch
2024-04-03 19:11:57,850 - root - INFO - val auc:0.8148369668151958
2024-04-03 19:11:57,850 - root - INFO - test auc: 0.8338664029273521
2024-04-03 19:11:57,851 - root - INFO - epoch: 3 took 48.43s
2024-04-03 19:11:57,851 - root - INFO - Epoch mean loss: 0.008481824949203466
2024-04-03 19:11:57,860 - root - INFO - start 4 epoch
2024-04-03 19:12:45,913 - root - INFO - val auc:0.7964053948981729
2024-04-03 19:12:45,913 - root - INFO - test auc: 0.8210852641441775
2024-04-03 19:12:45,914 - root - INFO - epoch: 4 took 48.05s
2024-04-03 19:12:45,914 - root - INFO - Epoch mean loss: 0.008039624851268457
2024-04-03 19:12:45,925 - root - INFO - start 5 epoch
2024-04-03 19:13:34,211 - root - INFO - val auc:0.7864569315270592
2024-04-03 19:13:34,211 - root - INFO - test auc: 0.8076871912919756
2024-04-03 19:13:34,211 - root - INFO - epoch: 5 took 48.29s
2024-04-03 19:13:34,211 - root - INFO - Epoch mean loss: 0.007815168018443642
2024-04-03 19:13:34,222 - root - INFO - start 6 epoch
2024-04-03 19:14:23,556 - root - INFO - val auc:0.7636841213353669
2024-04-03 19:14:23,556 - root - INFO - test auc: 0.7963216270093735
2024-04-03 19:14:23,557 - root - INFO - epoch: 6 took 49.34s
2024-04-03 19:14:23,557 - root - INFO - Epoch mean loss: 0.007369570524228276
2024-04-03 19:14:23,568 - root - INFO - start 7 epoch
