2024-03-24 17:05:44,289 - root - INFO - Namespace(data='wikipedia', k=1, bs=50, prefix='', path_prefix='./utils/data/', n_degree=20, n_head=2, n_epoch=10, n_layer=1, lr=0.0001, n_runs=1, drop_out=0.1, gpu=0, node_dim=100, time_dim=100, backprop_every=1, embedding_module='HopTransformer', agg_time_line='auto-encoder', use_time_line=True, time_line_length=2, sample_mode='time', hard_sample=True, use_att=False)
2024-03-24 17:05:45,358 - root - INFO - num of training instances: 110232
2024-03-24 17:05:45,358 - root - INFO - num of batches per epoch: 2205
2024-03-24 17:05:45,358 - root - INFO - start 0 epoch
2024-03-24 17:07:06,575 - root - INFO - val auc:0.7674147950995345
2024-03-24 17:07:06,575 - root - INFO - test auc: 0.8398169248150162
2024-03-24 17:07:06,576 - root - INFO - epoch: 0 took 81.22s
2024-03-24 17:07:06,576 - root - INFO - Epoch mean loss: 0.015262031965058027
2024-03-24 17:07:06,588 - root - INFO - start 1 epoch
2024-03-24 17:08:29,979 - root - INFO - val auc:0.7842339782888245
2024-03-24 17:08:29,979 - root - INFO - test auc: 0.8652008698770374
2024-03-24 17:08:29,980 - root - INFO - epoch: 1 took 83.39s
2024-03-24 17:08:29,980 - root - INFO - Epoch mean loss: 0.009465643329446334
2024-03-24 17:08:29,989 - root - INFO - start 2 epoch
2024-03-24 17:09:53,051 - root - INFO - val auc:0.7725422909377273
2024-03-24 17:09:53,051 - root - INFO - test auc: 0.8462581020794533
2024-03-24 17:09:53,052 - root - INFO - epoch: 2 took 83.06s
2024-03-24 17:09:53,052 - root - INFO - Epoch mean loss: 0.008968370235516492
2024-03-24 17:09:53,061 - root - INFO - start 3 epoch
2024-03-24 17:11:15,494 - root - INFO - val auc:0.7901277948901981
2024-03-24 17:11:15,495 - root - INFO - test auc: 0.8457317802018147
2024-03-24 17:11:15,495 - root - INFO - epoch: 3 took 82.43s
2024-03-24 17:11:15,495 - root - INFO - Epoch mean loss: 0.008458719253686547
2024-03-24 17:11:15,505 - root - INFO - start 4 epoch
2024-03-24 17:12:38,418 - root - INFO - val auc:0.7610400031898881
2024-03-24 17:12:38,418 - root - INFO - test auc: 0.8319240245693993
2024-03-24 17:12:38,419 - root - INFO - epoch: 4 took 82.91s
2024-03-24 17:12:38,419 - root - INFO - Epoch mean loss: 0.008055990850861774
2024-03-24 17:12:38,429 - root - INFO - start 5 epoch
2024-03-24 17:14:01,294 - root - INFO - val auc:0.7588893208528963
2024-03-24 17:14:01,294 - root - INFO - test auc: 0.8179196212024815
2024-03-24 17:14:01,295 - root - INFO - epoch: 5 took 82.87s
2024-03-24 17:14:01,295 - root - INFO - Epoch mean loss: 0.007776551898008571
2024-03-24 17:14:01,305 - root - INFO - start 6 epoch
2024-03-24 17:15:24,363 - root - INFO - val auc:0.7853105655073418
2024-03-24 17:15:24,363 - root - INFO - test auc: 0.7964339282891262
2024-03-24 17:15:24,364 - root - INFO - epoch: 6 took 83.06s
2024-03-24 17:15:24,364 - root - INFO - Epoch mean loss: 0.007317098594459261
2024-03-24 17:15:24,375 - root - INFO - start 7 epoch
2024-03-24 17:16:47,107 - root - INFO - val auc:0.7899982056879691
2024-03-24 17:16:47,107 - root - INFO - test auc: 0.7774294670846396
2024-03-24 17:16:47,108 - root - INFO - epoch: 7 took 82.73s
2024-03-24 17:16:47,108 - root - INFO - Epoch mean loss: 0.006777068775605469
2024-03-24 17:16:47,118 - root - INFO - start 8 epoch
2024-03-24 17:18:09,814 - root - INFO - val auc:0.7499925236998713
2024-03-24 17:18:09,814 - root - INFO - test auc: 0.7499720451749972
2024-03-24 17:18:09,815 - root - INFO - epoch: 8 took 82.70s
2024-03-24 17:18:09,815 - root - INFO - Epoch mean loss: 0.006594453427750937
2024-03-24 17:18:09,827 - root - INFO - start 9 epoch
2024-03-24 17:19:31,548 - root - INFO - val auc:0.7825318739595482
2024-03-24 17:19:31,548 - root - INFO - test auc: 0.7583613845542844
2024-03-24 17:19:31,549 - root - INFO - epoch: 9 took 81.72s
2024-03-24 17:19:31,549 - root - INFO - Epoch mean loss: 0.006086131423705375
2024-03-24 17:19:38,078 - root - INFO - test auc: 0.7583613845542844
2024-03-24 17:19:38,078 - root - INFO - Saving TGN model
2024-03-24 17:19:38,090 - root - INFO - TGN model saved
