2024-03-24 13:19:52,229 - root - INFO - Namespace(agg_time_line='auto-encoder', backprop_every=1, bs=100, data='wikipedia', drop_out=0.1, embedding_module='HopTransformer', gpu=0, hard_sample=True, k=1, lr=0.0001, n_degree=20, n_epoch=10, n_head=2, n_layer=1, n_runs=1, node_dim=100, path_prefix='./utils/data/', prefix='', sample_mode='time', time_dim=100, time_line_length=2, use_att=0, use_time_line=True)
2024-03-24 13:20:02,331 - root - INFO - num of training instances: 110232
2024-03-24 13:20:02,332 - root - INFO - num of batches per epoch: 1103
2024-03-24 13:20:02,332 - root - INFO - start 0 epoch
2024-03-24 13:20:40,425 - root - INFO - val auc:0.7324493854481294
2024-03-24 13:20:40,426 - root - INFO - test auc: 0.7415219763482901
2024-03-24 13:20:40,482 - root - INFO - epoch: 0 took 38.15s
2024-03-24 13:20:40,482 - root - INFO - Epoch mean loss: 0.02075539856130833
2024-03-24 13:20:40,511 - root - INFO - start 1 epoch
2024-03-24 13:21:17,784 - root - INFO - val auc:0.7849865925017694
2024-03-24 13:21:17,785 - root - INFO - test auc: 0.8357181690939167
2024-03-24 13:21:17,849 - root - INFO - epoch: 1 took 37.34s
2024-03-24 13:21:17,850 - root - INFO - Epoch mean loss: 0.010080018708310769
2024-03-24 13:21:17,877 - root - INFO - start 2 epoch
2024-03-24 13:21:55,072 - root - INFO - val auc:0.8248726536878097
2024-03-24 13:21:55,073 - root - INFO - test auc: 0.8478920134028927
2024-03-24 13:21:55,073 - root - INFO - epoch: 2 took 37.20s
2024-03-24 13:21:55,074 - root - INFO - Epoch mean loss: 0.009285451242705918
2024-03-24 13:21:55,094 - root - INFO - start 3 epoch
2024-03-24 13:22:32,858 - root - INFO - val auc:0.8154300866253976
2024-03-24 13:22:32,858 - root - INFO - test auc: 0.8509439091256116
2024-03-24 13:22:32,910 - root - INFO - epoch: 3 took 37.82s
2024-03-24 13:22:32,910 - root - INFO - Epoch mean loss: 0.008686680912998727
2024-03-24 13:22:32,938 - root - INFO - start 4 epoch
2024-03-24 13:23:10,298 - root - INFO - val auc:0.8093692993211519
2024-03-24 13:23:10,299 - root - INFO - test auc: 0.841073927980659
2024-03-24 13:23:10,342 - root - INFO - epoch: 4 took 37.40s
2024-03-24 13:23:10,342 - root - INFO - Epoch mean loss: 0.008295391830526515
2024-03-24 13:23:10,371 - root - INFO - start 5 epoch
2024-03-24 13:23:47,575 - root - INFO - val auc:0.8109542749484134
2024-03-24 13:23:47,575 - root - INFO - test auc: 0.8438482033723158
2024-03-24 13:23:47,606 - root - INFO - epoch: 5 took 37.24s
2024-03-24 13:23:47,606 - root - INFO - Epoch mean loss: 0.008019331359083478
2024-03-24 13:23:47,628 - root - INFO - start 6 epoch
2024-03-24 13:24:25,528 - root - INFO - val auc:0.7895421513801251
2024-03-24 13:24:25,528 - root - INFO - test auc: 0.8238470080625573
2024-03-24 13:24:25,598 - root - INFO - epoch: 6 took 37.97s
2024-03-24 13:24:25,598 - root - INFO - Epoch mean loss: 0.0075844255373217415
2024-03-24 13:24:25,626 - root - INFO - start 7 epoch
2024-03-24 13:25:02,575 - root - INFO - val auc:0.7824110071074694
2024-03-24 13:25:02,576 - root - INFO - test auc: 0.7883858305667696
2024-03-24 13:25:02,642 - root - INFO - epoch: 7 took 37.02s
2024-03-24 13:25:02,643 - root - INFO - Epoch mean loss: 0.007205176551496525
2024-03-24 13:25:02,670 - root - INFO - start 8 epoch
