2024-03-24 02:09:25,734 - root - INFO - Namespace(agg_time_line='auto-encoder', backprop_every=1, bs=100, data='wikipedia', drop_out=0.1, embedding_module='HopTransformer', gpu=0, hard_sample=True, k=1, lr=0.0001, n_degree=20, n_epoch=10, n_head=2, n_layer=1, n_runs=1, node_dim=100, path_prefix='./utils/data/', prefix='', sample_mode='time', time_dim=100, time_line_length=2, use_att=0, use_time_line=True)
2024-03-24 02:09:35,495 - root - INFO - num of training instances: 110232
2024-03-24 02:09:35,495 - root - INFO - num of batches per epoch: 1103
2024-03-24 02:09:35,495 - root - INFO - start 0 epoch
2024-03-24 02:10:14,962 - root - INFO - val auc:0.7324493854481294
2024-03-24 02:10:14,962 - root - INFO - test auc: 0.7415219763482901
2024-03-24 02:10:15,010 - root - INFO - epoch: 0 took 39.51s
2024-03-24 02:10:15,010 - root - INFO - Epoch mean loss: 0.02075539856130833
2024-03-24 02:10:15,043 - root - INFO - start 1 epoch
2024-03-24 02:10:53,715 - root - INFO - val auc:0.7849865925017694
2024-03-24 02:10:53,715 - root - INFO - test auc: 0.8357181690939167
2024-03-24 02:10:53,766 - root - INFO - epoch: 1 took 38.72s
2024-03-24 02:10:53,766 - root - INFO - Epoch mean loss: 0.010080018708310769
2024-03-24 02:10:53,798 - root - INFO - start 2 epoch
2024-03-24 02:11:31,560 - root - INFO - val auc:0.8248726536878097
2024-03-24 02:11:31,560 - root - INFO - test auc: 0.8478920134028927
2024-03-24 02:11:31,561 - root - INFO - epoch: 2 took 37.76s
2024-03-24 02:11:31,561 - root - INFO - Epoch mean loss: 0.009285451242705918
2024-03-24 02:11:31,584 - root - INFO - start 3 epoch
2024-03-24 02:12:08,088 - root - INFO - val auc:0.8154300866253976
2024-03-24 02:12:08,089 - root - INFO - test auc: 0.8509439091256116
2024-03-24 02:12:08,141 - root - INFO - epoch: 3 took 36.56s
2024-03-24 02:12:08,142 - root - INFO - Epoch mean loss: 0.008686680912998727
2024-03-24 02:12:08,170 - root - INFO - start 4 epoch
2024-03-24 02:12:46,006 - root - INFO - val auc:0.8093692993211519
2024-03-24 02:12:46,007 - root - INFO - test auc: 0.841073927980659
2024-03-24 02:12:46,066 - root - INFO - epoch: 4 took 37.90s
2024-03-24 02:12:46,066 - root - INFO - Epoch mean loss: 0.008295391830526515
2024-03-24 02:12:46,094 - root - INFO - start 5 epoch
2024-03-24 02:13:23,625 - root - INFO - val auc:0.8109542749484134
2024-03-24 02:13:23,625 - root - INFO - test auc: 0.8438482033723158
2024-03-24 02:13:23,678 - root - INFO - epoch: 5 took 37.58s
2024-03-24 02:13:23,679 - root - INFO - Epoch mean loss: 0.008019331359083478
2024-03-24 02:13:23,707 - root - INFO - start 6 epoch
2024-03-24 02:14:00,460 - root - INFO - val auc:0.7895421513801251
2024-03-24 02:14:00,460 - root - INFO - test auc: 0.8238470080625573
2024-03-24 02:14:00,494 - root - INFO - epoch: 6 took 36.79s
2024-03-24 02:14:00,494 - root - INFO - Epoch mean loss: 0.0075844255373217415
2024-03-24 02:14:00,523 - root - INFO - start 7 epoch
2024-03-24 02:14:37,356 - root - INFO - val auc:0.7824110071074694
2024-03-24 02:14:37,357 - root - INFO - test auc: 0.7883858305667696
2024-03-24 02:14:37,430 - root - INFO - epoch: 7 took 36.91s
2024-03-24 02:14:37,430 - root - INFO - Epoch mean loss: 0.007205176551496525
2024-03-24 02:14:37,459 - root - INFO - start 8 epoch
2024-03-24 02:15:15,128 - root - INFO - val auc:0.7888767606686803
2024-03-24 02:15:15,128 - root - INFO - test auc: 0.8117546183298823
2024-03-24 02:15:15,186 - root - INFO - epoch: 8 took 37.73s
2024-03-24 02:15:15,186 - root - INFO - Epoch mean loss: 0.007121115633235241
2024-03-24 02:15:15,215 - root - INFO - start 9 epoch
2024-03-24 02:15:52,471 - root - INFO - val auc:0.7810166771334869
2024-03-24 02:15:52,471 - root - INFO - test auc: 0.7785303088140599
2024-03-24 02:15:52,546 - root - INFO - epoch: 9 took 37.33s
2024-03-24 02:15:52,546 - root - INFO - Epoch mean loss: 0.006687520875590286
2024-03-24 02:15:56,461 - root - INFO - test auc: 0.7785303088140599
2024-03-24 02:15:56,461 - root - INFO - Saving TGN model
2024-03-24 02:15:56,481 - root - INFO - TGN model saved
