2024-03-26 19:28:29,576 - root - INFO - Namespace(data='wikipedia', k=1, bs=100, prefix='', path_prefix='./utils/data/', n_degree=20, n_head=2, n_epoch=10, n_layer=1, lr=0.0001, n_runs=1, drop_out=0.1, gpu=0, node_dim=100, time_dim=100, backprop_every=1, embedding_module='graph_attention', agg_time_line='auto-encoder', use_time_line=True, time_line_length=2, sample_mode='time', hard_sample=True, use_att=False)
2024-03-26 19:28:30,776 - root - INFO - num of training instances: 110232
2024-03-26 19:28:30,776 - root - INFO - num of batches per epoch: 1103
2024-03-26 19:28:30,776 - root - INFO - start 0 epoch
2024-03-26 19:29:25,219 - root - INFO - val auc:0.8006344886709131
2024-03-26 19:29:25,219 - root - INFO - test auc: 0.8611965821852576
2024-03-26 19:29:25,220 - root - INFO - epoch: 0 took 54.44s
2024-03-26 19:29:25,220 - root - INFO - Epoch mean loss: 0.011480599167299307
2024-03-26 19:29:25,240 - root - INFO - start 1 epoch
2024-03-26 19:30:18,715 - root - INFO - val auc:0.8202024582074823
2024-03-26 19:30:18,716 - root - INFO - test auc: 0.8650938703744404
2024-03-26 19:30:18,716 - root - INFO - epoch: 1 took 53.48s
2024-03-26 19:30:18,717 - root - INFO - Epoch mean loss: 0.008933072223332065
2024-03-26 19:30:18,726 - root - INFO - start 2 epoch
2024-03-26 19:31:14,249 - root - INFO - val auc:0.8532776099763748
2024-03-26 19:31:14,249 - root - INFO - test auc: 0.8208837966122607
2024-03-26 19:31:14,250 - root - INFO - epoch: 2 took 55.52s
2024-03-26 19:31:14,250 - root - INFO - Epoch mean loss: 0.008185136957535881
2024-03-26 19:31:14,260 - root - INFO - start 3 epoch
2024-03-26 19:32:09,111 - root - INFO - val auc:0.824700698784852
2024-03-26 19:32:09,111 - root - INFO - test auc: 0.8493533759789009
2024-03-26 19:32:09,112 - root - INFO - epoch: 3 took 54.85s
2024-03-26 19:32:09,112 - root - INFO - Epoch mean loss: 0.0074693246998360895
2024-03-26 19:32:09,121 - root - INFO - start 4 epoch
2024-03-26 19:33:03,329 - root - INFO - val auc:0.8393779219873001
2024-03-26 19:33:03,329 - root - INFO - test auc: 0.7989199797954093
2024-03-26 19:33:03,330 - root - INFO - epoch: 4 took 54.21s
2024-03-26 19:33:03,330 - root - INFO - Epoch mean loss: 0.006551209346285505
2024-03-26 19:33:03,340 - root - INFO - start 5 epoch
